gcc-9.3.0 loaded successful
cuda-12.1 loaded successful
============================================================================================================
Arguments =
	approach: ILFTF
	batch_size: 128
	clipping: 1.0
	collapse_alpha: 0.2
	datasets: ['domainnet']
	eval_on_train: False
	exp_name: dom_0820_ma_I125_T8_C25-randseed1993
	extra_aug: fetril
	fix_bn: False
	ftepochs: 100
	gpu: 0
	inc_sub_rate: 0.2
	keep_existing_head: False
	last_layer_analysis: False
	log: ['disk']
	lr: 0.05
	lr_factor: 3
	lr_min: 0.0001
	lr_patience: 5
	momentum: 0.9
	multi_softmax: False
	nc_first_task: 125
	nc_inc_tasks: 25
	nc_total: 300
	nepochs: 200
	network: resnet18
	no_cudnn_deterministic: False
	num_experts: 5
	num_tasks: 8
	num_workers: 4
	pin_memory: False
	pretrained: False
	random_seed: 1993
	results_path: ../results
	save_models: False
	seed: 1
	shared: 1.0
	small_data_rate: 0.1
	stop_at_task: 0
	use_test_as_val: True
	use_valid_only: False
	warmup_lr_factor: 1.0
	warmup_nepochs: 0
	weight_decay: 0.0005
============================================================================================================
/home/bingxing2/home/scx7aum/.conda/envs/pytorch/lib/python3.11/site-packages/torchvision/models/_utils.py:208: UserWarning: The parameter 'pretrained' is deprecated since 0.13 and may be removed in the future, please use 'weights' instead.
  warnings.warn(
/home/bingxing2/home/scx7aum/.conda/envs/pytorch/lib/python3.11/site-packages/torchvision/models/_utils.py:223: UserWarning: Arguments other than a weight enum or `None` for 'weights' are deprecated since 0.13 and may be removed in the future. The current behavior is equivalent to passing `weights=None`.
  warnings.warn(msg)
Approach arguments =
	alpha: 0.5
	ftwd: 0
	ini_kd_loss: 0.1
	initialization_strategy: first
	max_experts: 5
	tau: 3.0
	use_nmc: False
============================================================================================================
WARNING: ../results/domainnet_ILFTF_dom_0820_ma_I125_T8_C25-randseed1993 already exists!
[(0, 125), (1, 25), (2, 25), (3, 25), (4, 25), (5, 25), (6, 25), (7, 25)]
************************************************************************************************************
Task  0
************************************************************************************************************
Training backbone_0 on task_0:
The expert_0 has 11,217,469 trainable parameters
The expert_0 has 0 shared parameters

Training backbone_1 on task_0:
The expert_1 has 11,069,501 trainable parameters
The expert_1 has 147,968 shared parameters

Training backbone_2 on task_0:
The expert_2 has 11,069,501 trainable parameters
The expert_2 has 147,968 shared parameters

Training backbone_3 on task_0:
The expert_3 has 11,069,501 trainable parameters
The expert_3 has 147,968 shared parameters

Training backbone_4 on task_0:
The expert_4 has 11,069,501 trainable parameters
The expert_4 has 147,968 shared parameters

Creating distributions for task_0:
------------------------------------------------------------------------------------------------------------
>>> Test on task  0 : loss=0.000 | TAw acc= 76.0%, forg=  0.0%| TAg acc= 76.0%, forg=  0.0% <<<
Save at ../results/domainnet_ILFTF_dom_0820_ma_I125_T8_C25-randseed1993
[Elapsed time in init_stage = 5.6 h]
************************************************************************************************************
Task  1
************************************************************************************************************
Finetuning backbone_0 on task_1:
Finetuning other backbones_1 on task_1:
Finetuning other backbones_2 on task_1:
Finetuning other backbones_3 on task_1:
Finetuning other backbones_4 on task_1:
Creating distributions for task_1:
------------------------------------------------------------------------------------------------------------
>>> Test on task  0 : loss=0.000 | TAw acc= 75.0%, forg=  1.0%| TAg acc= 75.0%, forg=  1.0% <<<
Save at ../results/domainnet_ILFTF_dom_0820_ma_I125_T8_C25-randseed1993
>>> Test on task  1 : loss=0.000 | TAw acc= 82.0%, forg=  0.0%| TAg acc= 67.0%, forg=  0.0% <<<
Save at ../results/domainnet_ILFTF_dom_0820_ma_I125_T8_C25-randseed1993
************************************************************************************************************
Task  2
************************************************************************************************************
Finetuning backbone_0 on task_2:
Finetuning other backbones_1 on task_2:
Finetuning other backbones_2 on task_2:
Finetuning other backbones_3 on task_2:
Finetuning other backbones_4 on task_2:
Creating distributions for task_2:
------------------------------------------------------------------------------------------------------------
>>> Test on task  0 : loss=0.000 | TAw acc= 74.0%, forg=  2.0%| TAg acc= 74.0%, forg=  2.0% <<<
Save at ../results/domainnet_ILFTF_dom_0820_ma_I125_T8_C25-randseed1993
>>> Test on task  1 : loss=0.000 | TAw acc= 79.0%, forg=  3.0%| TAg acc= 65.0%, forg=  2.0% <<<
Save at ../results/domainnet_ILFTF_dom_0820_ma_I125_T8_C25-randseed1993
>>> Test on task  2 : loss=0.000 | TAw acc= 63.0%, forg=  0.0%| TAg acc= 57.0%, forg=  0.0% <<<
Save at ../results/domainnet_ILFTF_dom_0820_ma_I125_T8_C25-randseed1993
************************************************************************************************************
Task  3
************************************************************************************************************
Finetuning backbone_0 on task_3:
Finetuning other backbones_1 on task_3:
Finetuning other backbones_2 on task_3:
Finetuning other backbones_3 on task_3:
Finetuning other backbones_4 on task_3:
Creating distributions for task_3:
------------------------------------------------------------------------------------------------------------
>>> Test on task  0 : loss=0.000 | TAw acc= 71.0%, forg=  5.0%| TAg acc= 71.0%, forg=  5.0% <<<
Save at ../results/domainnet_ILFTF_dom_0820_ma_I125_T8_C25-randseed1993
>>> Test on task  1 : loss=0.000 | TAw acc= 78.0%, forg=  4.0%| TAg acc= 62.0%, forg=  5.0% <<<
Save at ../results/domainnet_ILFTF_dom_0820_ma_I125_T8_C25-randseed1993
>>> Test on task  2 : loss=0.000 | TAw acc= 63.0%, forg=  0.0%| TAg acc= 56.0%, forg=  1.0% <<<
Save at ../results/domainnet_ILFTF_dom_0820_ma_I125_T8_C25-randseed1993
>>> Test on task  3 : loss=0.000 | TAw acc= 40.0%, forg=  0.0%| TAg acc= 36.0%, forg=  0.0% <<<
Save at ../results/domainnet_ILFTF_dom_0820_ma_I125_T8_C25-randseed1993
************************************************************************************************************
Task  4
************************************************************************************************************
Finetuning backbone_0 on task_4:
Finetuning other backbones_1 on task_4:
Finetuning other backbones_2 on task_4:
Finetuning other backbones_3 on task_4:
Finetuning other backbones_4 on task_4:
Creating distributions for task_4:
------------------------------------------------------------------------------------------------------------
>>> Test on task  0 : loss=0.000 | TAw acc= 68.0%, forg=  8.0%| TAg acc= 68.0%, forg=  8.0% <<<
Save at ../results/domainnet_ILFTF_dom_0820_ma_I125_T8_C25-randseed1993
>>> Test on task  1 : loss=0.000 | TAw acc= 74.0%, forg=  8.0%| TAg acc= 59.0%, forg=  8.0% <<<
Save at ../results/domainnet_ILFTF_dom_0820_ma_I125_T8_C25-randseed1993
>>> Test on task  2 : loss=0.000 | TAw acc= 62.0%, forg=  1.0%| TAg acc= 56.0%, forg=  1.0% <<<
Save at ../results/domainnet_ILFTF_dom_0820_ma_I125_T8_C25-randseed1993
>>> Test on task  3 : loss=0.000 | TAw acc= 37.0%, forg=  3.0%| TAg acc= 32.0%, forg=  4.0% <<<
Save at ../results/domainnet_ILFTF_dom_0820_ma_I125_T8_C25-randseed1993
>>> Test on task  4 : loss=0.000 | TAw acc= 60.0%, forg=  0.0%| TAg acc= 51.0%, forg=  0.0% <<<
Save at ../results/domainnet_ILFTF_dom_0820_ma_I125_T8_C25-randseed1993
************************************************************************************************************
Task  5
************************************************************************************************************
Finetuning backbone_0 on task_5:
Finetuning other backbones_1 on task_5:
Finetuning other backbones_2 on task_5:
Finetuning other backbones_3 on task_5:
Finetuning other backbones_4 on task_5:
Creating distributions for task_5:
------------------------------------------------------------------------------------------------------------
>>> Test on task  0 : loss=0.000 | TAw acc= 44.0%, forg= 32.0%| TAg acc= 44.0%, forg= 32.0% <<<
Save at ../results/domainnet_ILFTF_dom_0820_ma_I125_T8_C25-randseed1993
>>> Test on task  1 : loss=0.000 | TAw acc= 59.0%, forg= 23.0%| TAg acc= 54.0%, forg= 13.0% <<<
Save at ../results/domainnet_ILFTF_dom_0820_ma_I125_T8_C25-randseed1993
>>> Test on task  2 : loss=0.000 | TAw acc= 40.0%, forg= 23.0%| TAg acc= 26.0%, forg= 31.0% <<<
Save at ../results/domainnet_ILFTF_dom_0820_ma_I125_T8_C25-randseed1993
>>> Test on task  3 : loss=0.000 | TAw acc= 22.0%, forg= 18.0%| TAg acc= 17.0%, forg= 19.0% <<<
Save at ../results/domainnet_ILFTF_dom_0820_ma_I125_T8_C25-randseed1993
>>> Test on task  4 : loss=0.000 | TAw acc= 32.0%, forg= 28.0%| TAg acc=  9.0%, forg= 42.0% <<<
Save at ../results/domainnet_ILFTF_dom_0820_ma_I125_T8_C25-randseed1993
>>> Test on task  5 : loss=0.000 | TAw acc= 82.0%, forg=  0.0%| TAg acc= 82.0%, forg=  0.0% <<<
Save at ../results/domainnet_ILFTF_dom_0820_ma_I125_T8_C25-randseed1993
************************************************************************************************************
Task  6
************************************************************************************************************
Finetuning backbone_0 on task_6:
Finetuning other backbones_1 on task_6:
Finetuning other backbones_2 on task_6:
Finetuning other backbones_3 on task_6:
Finetuning other backbones_4 on task_6:
Creating distributions for task_6:
------------------------------------------------------------------------------------------------------------
>>> Test on task  0 : loss=0.000 | TAw acc= 41.0%, forg= 35.0%| TAg acc= 41.0%, forg= 35.0% <<<
Save at ../results/domainnet_ILFTF_dom_0820_ma_I125_T8_C25-randseed1993
>>> Test on task  1 : loss=0.000 | TAw acc= 57.0%, forg= 25.0%| TAg acc= 53.0%, forg= 14.0% <<<
Save at ../results/domainnet_ILFTF_dom_0820_ma_I125_T8_C25-randseed1993
>>> Test on task  2 : loss=0.000 | TAw acc= 46.0%, forg= 17.0%| TAg acc= 35.0%, forg= 22.0% <<<
Save at ../results/domainnet_ILFTF_dom_0820_ma_I125_T8_C25-randseed1993
>>> Test on task  3 : loss=0.000 | TAw acc= 25.0%, forg= 15.0%| TAg acc= 19.0%, forg= 17.0% <<<
Save at ../results/domainnet_ILFTF_dom_0820_ma_I125_T8_C25-randseed1993
>>> Test on task  4 : loss=0.000 | TAw acc= 41.0%, forg= 19.0%| TAg acc= 14.0%, forg= 37.0% <<<
Save at ../results/domainnet_ILFTF_dom_0820_ma_I125_T8_C25-randseed1993
>>> Test on task  5 : loss=0.000 | TAw acc= 79.0%, forg=  3.0%| TAg acc= 79.0%, forg=  3.0% <<<
Save at ../results/domainnet_ILFTF_dom_0820_ma_I125_T8_C25-randseed1993
>>> Test on task  6 : loss=0.000 | TAw acc= 76.0%, forg=  0.0%| TAg acc= 75.0%, forg=  0.0% <<<
Save at ../results/domainnet_ILFTF_dom_0820_ma_I125_T8_C25-randseed1993
************************************************************************************************************
Task  7
************************************************************************************************************
Finetuning backbone_0 on task_7:
Finetuning other backbones_1 on task_7:
Finetuning other backbones_2 on task_7:
Finetuning other backbones_3 on task_7:
Finetuning other backbones_4 on task_7:
Creating distributions for task_7:
------------------------------------------------------------------------------------------------------------
>>> Test on task  0 : loss=0.000 | TAw acc= 36.0%, forg= 40.0%| TAg acc= 36.0%, forg= 40.0% <<<
Save at ../results/domainnet_ILFTF_dom_0820_ma_I125_T8_C25-randseed1993
>>> Test on task  1 : loss=0.000 | TAw acc= 60.0%, forg= 22.0%| TAg acc= 56.0%, forg= 11.0% <<<
Save at ../results/domainnet_ILFTF_dom_0820_ma_I125_T8_C25-randseed1993
>>> Test on task  2 : loss=0.000 | TAw acc= 48.0%, forg= 15.0%| TAg acc= 37.0%, forg= 20.0% <<<
Save at ../results/domainnet_ILFTF_dom_0820_ma_I125_T8_C25-randseed1993
>>> Test on task  3 : loss=0.000 | TAw acc= 21.0%, forg= 19.0%| TAg acc= 15.0%, forg= 21.0% <<<
Save at ../results/domainnet_ILFTF_dom_0820_ma_I125_T8_C25-randseed1993
>>> Test on task  4 : loss=0.000 | TAw acc= 42.0%, forg= 18.0%| TAg acc= 17.0%, forg= 34.0% <<<
Save at ../results/domainnet_ILFTF_dom_0820_ma_I125_T8_C25-randseed1993
>>> Test on task  5 : loss=0.000 | TAw acc= 75.0%, forg=  7.0%| TAg acc= 75.0%, forg=  7.0% <<<
Save at ../results/domainnet_ILFTF_dom_0820_ma_I125_T8_C25-randseed1993
>>> Test on task  6 : loss=0.000 | TAw acc= 74.0%, forg=  2.0%| TAg acc= 74.0%, forg=  1.0% <<<
Save at ../results/domainnet_ILFTF_dom_0820_ma_I125_T8_C25-randseed1993
>>> Test on task  7 : loss=0.000 | TAw acc= 73.0%, forg=  0.0%| TAg acc= 68.0%, forg=  0.0% <<<
Save at ../results/domainnet_ILFTF_dom_0820_ma_I125_T8_C25-randseed1993
************************************************************************************************************
TAw Acc
	 76.0%   0.0%   0.0%   0.0%   0.0%   0.0%   0.0%   0.0% 	Avg.: 76.0% 
	 75.0%  82.0%   0.0%   0.0%   0.0%   0.0%   0.0%   0.0% 	Avg.: 78.5% 
	 74.0%  79.0%  63.0%   0.0%   0.0%   0.0%   0.0%   0.0% 	Avg.: 72.0% 
	 71.0%  78.0%  63.0%  40.0%   0.0%   0.0%   0.0%   0.0% 	Avg.: 63.0% 
	 68.0%  74.0%  62.0%  37.0%  60.0%   0.0%   0.0%   0.0% 	Avg.: 60.2% 
	 44.0%  59.0%  40.0%  22.0%  32.0%  82.0%   0.0%   0.0% 	Avg.: 46.5% 
	 41.0%  57.0%  46.0%  25.0%  41.0%  79.0%  76.0%   0.0% 	Avg.: 52.1% 
	 36.0%  60.0%  48.0%  21.0%  42.0%  75.0%  74.0%  73.0% 	Avg.: 53.6% 
Average incremental: 62.7% 
--------------------------------------------------
TAw Acc on CIL taskes

	 82.0%   0.0%   0.0%   0.0%   0.0%   0.0%   0.0% 	Avg.: 82.0% 
	 79.0%  63.0%   0.0%   0.0%   0.0%   0.0%   0.0% 	Avg.: 71.0% 
	 78.0%  63.0%  40.0%   0.0%   0.0%   0.0%   0.0% 	Avg.: 60.3% 
	 74.0%  62.0%  37.0%  60.0%   0.0%   0.0%   0.0% 	Avg.: 58.2% 
	 59.0%  40.0%  22.0%  32.0%  82.0%   0.0%   0.0% 	Avg.: 47.0% 
	 57.0%  46.0%  25.0%  41.0%  79.0%  76.0%   0.0% 	Avg.: 54.0% 
	 60.0%  48.0%  21.0%  42.0%  75.0%  74.0%  73.0% 	Avg.: 56.1% 
Average on CIL taskes: 61.2% 
************************************************************************************************************
TAg Acc
	 76.0%   0.0%   0.0%   0.0%   0.0%   0.0%   0.0%   0.0% 	Avg.: 76.0% 
	 75.0%  67.0%   0.0%   0.0%   0.0%   0.0%   0.0%   0.0% 	Avg.: 71.0% 
	 74.0%  65.0%  57.0%   0.0%   0.0%   0.0%   0.0%   0.0% 	Avg.: 65.3% 
	 71.0%  62.0%  56.0%  36.0%   0.0%   0.0%   0.0%   0.0% 	Avg.: 56.2% 
	 68.0%  59.0%  56.0%  32.0%  51.0%   0.0%   0.0%   0.0% 	Avg.: 53.2% 
	 44.0%  54.0%  26.0%  17.0%   9.0%  82.0%   0.0%   0.0% 	Avg.: 38.7% 
	 41.0%  53.0%  35.0%  19.0%  14.0%  79.0%  75.0%   0.0% 	Avg.: 45.1% 
	 36.0%  56.0%  37.0%  15.0%  17.0%  75.0%  74.0%  68.0% 	Avg.: 47.2% 
Average incremental: 56.6% 
--------------------------------------------------
TAg Acc on CIL taskes

	 67.0%   0.0%   0.0%   0.0%   0.0%   0.0%   0.0% 	Avg.: 67.0% 
	 65.0%  57.0%   0.0%   0.0%   0.0%   0.0%   0.0% 	Avg.: 61.0% 
	 62.0%  56.0%  36.0%   0.0%   0.0%   0.0%   0.0% 	Avg.: 51.3% 
	 59.0%  56.0%  32.0%  51.0%   0.0%   0.0%   0.0% 	Avg.: 49.5% 
	 54.0%  26.0%  17.0%   9.0%  82.0%   0.0%   0.0% 	Avg.: 37.6% 
	 53.0%  35.0%  19.0%  14.0%  79.0%  75.0%   0.0% 	Avg.: 45.8% 
	 56.0%  37.0%  15.0%  17.0%  75.0%  74.0%  68.0% 	Avg.: 48.9% 
Average on CIL taskes: 51.6% 
************************************************************************************************************
TAw Forg
	  0.0%   0.0%   0.0%   0.0%   0.0%   0.0%   0.0%   0.0% 	Avg.: 48.9% 
	  1.0%   0.0%   0.0%   0.0%   0.0%   0.0%   0.0%   0.0% 	Avg.:  1.0% 
	  2.0%   3.0%   0.0%   0.0%   0.0%   0.0%   0.0%   0.0% 	Avg.:  2.5% 
	  5.0%   4.0%   0.0%   0.0%   0.0%   0.0%   0.0%   0.0% 	Avg.:  3.0% 
	  8.0%   8.0%   1.0%   3.0%   0.0%   0.0%   0.0%   0.0% 	Avg.:  5.0% 
	 32.0%  23.0%  23.0%  18.0%  28.0%   0.0%   0.0%   0.0% 	Avg.: 24.8% 
	 35.0%  25.0%  17.0%  15.0%  19.0%   3.0%   0.0%   0.0% 	Avg.: 19.0% 
	 40.0%  22.0%  15.0%  19.0%  18.0%   7.0%   2.0%   0.0% 	Avg.: 17.6% 
************************************************************************************************************
TAg Forg
	  0.0%   0.0%   0.0%   0.0%   0.0%   0.0%   0.0%   0.0% 	Avg.: 17.6% 
	  1.0%   0.0%   0.0%   0.0%   0.0%   0.0%   0.0%   0.0% 	Avg.:  1.0% 
	  2.0%   2.0%   0.0%   0.0%   0.0%   0.0%   0.0%   0.0% 	Avg.:  2.0% 
	  5.0%   5.0%   1.0%   0.0%   0.0%   0.0%   0.0%   0.0% 	Avg.:  3.7% 
	  8.0%   8.0%   1.0%   4.0%   0.0%   0.0%   0.0%   0.0% 	Avg.:  5.2% 
	 32.0%  13.0%  31.0%  19.0%  42.0%   0.0%   0.0%   0.0% 	Avg.: 27.4% 
	 35.0%  14.0%  22.0%  17.0%  37.0%   3.0%   0.0%   0.0% 	Avg.: 21.3% 
	 40.0%  11.0%  20.0%  21.0%  34.0%   7.0%   1.0%   0.0% 	Avg.: 19.1% 
************************************************************************************************************
[Elapsed time for incremental learning = 3.1 h]
Done!
