gcc-9.3.0 loaded successful
cuda-12.1 loaded successful
============================================================================================================
Arguments =
	approach: ILFTF
	batch_size: 128
	clipping: 1.0
	collapse_alpha: 0.2
	datasets: ['imagenet_subset_kaggle']
	eval_on_train: False
	exp_name: image_0820_ma_I50_T11_C5-randseed1993
	extra_aug: fetril
	fix_bn: False
	ftepochs: 100
	gpu: 0
	inc_sub_rate: 0.2
	keep_existing_head: False
	last_layer_analysis: False
	log: ['disk']
	lr: 0.05
	lr_factor: 3
	lr_min: 0.0001
	lr_patience: 5
	momentum: 0.9
	multi_softmax: False
	nc_first_task: 50
	nc_inc_tasks: 5
	nc_total: 100
	nepochs: 200
	network: resnet18
	no_cudnn_deterministic: False
	num_experts: 5
	num_tasks: 11
	num_workers: 4
	pin_memory: False
	pretrained: False
	random_seed: 1993
	results_path: ../results
	save_models: False
	seed: 1
	shared: 1.0
	small_data_rate: 0.1
	stop_at_task: 0
	use_test_as_val: True
	use_valid_only: False
	warmup_lr_factor: 1.0
	warmup_nepochs: 0
	weight_decay: 0.0005
============================================================================================================
/home/bingxing2/home/scx7aum/.conda/envs/pytorch/lib/python3.11/site-packages/torchvision/models/_utils.py:208: UserWarning: The parameter 'pretrained' is deprecated since 0.13 and may be removed in the future, please use 'weights' instead.
  warnings.warn(
/home/bingxing2/home/scx7aum/.conda/envs/pytorch/lib/python3.11/site-packages/torchvision/models/_utils.py:223: UserWarning: Arguments other than a weight enum or `None` for 'weights' are deprecated since 0.13 and may be removed in the future. The current behavior is equivalent to passing `weights=None`.
  warnings.warn(msg)
Approach arguments =
	alpha: 0.5
	ftwd: 0
	ini_kd_loss: 0.1
	initialization_strategy: first
	max_experts: 5
	tau: 3.0
	use_nmc: False
============================================================================================================
WARNING: ../results/imagenet_subset_kaggle_ILFTF_image_0820_ma_I50_T11_C5-randseed1993 already exists!
Generating train/test splits for ImageNet-Subset directory: ../data/seed_1993_subset_100_imagenet
[(0, 50), (1, 5), (2, 5), (3, 5), (4, 5), (5, 5), (6, 5), (7, 5), (8, 5), (9, 5), (10, 5)]
************************************************************************************************************
Task  0
************************************************************************************************************
Training backbone_0 on task_0:
The expert_0 has 11,212,594 trainable parameters
The expert_0 has 0 shared parameters

Training backbone_1 on task_0:
The expert_1 has 11,064,626 trainable parameters
The expert_1 has 147,968 shared parameters

Training backbone_2 on task_0:
The expert_2 has 11,064,626 trainable parameters
The expert_2 has 147,968 shared parameters

Training backbone_3 on task_0:
The expert_3 has 11,064,626 trainable parameters
The expert_3 has 147,968 shared parameters

Training backbone_4 on task_0:
The expert_4 has 11,064,626 trainable parameters
The expert_4 has 147,968 shared parameters

Creating distributions for task_0:
------------------------------------------------------------------------------------------------------------
>>> Test on task  0 : loss=0.000 | TAw acc= 83.0%, forg=  0.0%| TAg acc= 83.0%, forg=  0.0% <<<
Save at ../results/imagenet_subset_kaggle_ILFTF_image_0820_ma_I50_T11_C5-randseed1993
[Elapsed time in init_stage = 14.2 h]
************************************************************************************************************
Task  1
************************************************************************************************************
Finetuning backbone_0 on task_1:
Finetuning other backbones_1 on task_1:
Finetuning other backbones_2 on task_1:
Finetuning other backbones_3 on task_1:
Finetuning other backbones_4 on task_1:
Creating distributions for task_1:
------------------------------------------------------------------------------------------------------------
>>> Test on task  0 : loss=0.000 | TAw acc= 76.0%, forg=  7.0%| TAg acc= 76.0%, forg=  7.0% <<<
Save at ../results/imagenet_subset_kaggle_ILFTF_image_0820_ma_I50_T11_C5-randseed1993
>>> Test on task  1 : loss=0.000 | TAw acc= 94.0%, forg=  0.0%| TAg acc= 80.0%, forg=  0.0% <<<
Save at ../results/imagenet_subset_kaggle_ILFTF_image_0820_ma_I50_T11_C5-randseed1993
************************************************************************************************************
Task  2
************************************************************************************************************
Finetuning backbone_0 on task_2:
Finetuning other backbones_1 on task_2:
Finetuning other backbones_2 on task_2:
Finetuning other backbones_3 on task_2:
Finetuning other backbones_4 on task_2:
Creating distributions for task_2:
------------------------------------------------------------------------------------------------------------
>>> Test on task  0 : loss=0.000 | TAw acc= 67.0%, forg= 16.0%| TAg acc= 67.0%, forg= 16.0% <<<
Save at ../results/imagenet_subset_kaggle_ILFTF_image_0820_ma_I50_T11_C5-randseed1993
>>> Test on task  1 : loss=0.000 | TAw acc= 90.0%, forg=  4.0%| TAg acc= 79.0%, forg=  1.0% <<<
Save at ../results/imagenet_subset_kaggle_ILFTF_image_0820_ma_I50_T11_C5-randseed1993
>>> Test on task  2 : loss=0.000 | TAw acc= 88.0%, forg=  0.0%| TAg acc= 78.0%, forg=  0.0% <<<
Save at ../results/imagenet_subset_kaggle_ILFTF_image_0820_ma_I50_T11_C5-randseed1993
************************************************************************************************************
Task  3
************************************************************************************************************
Finetuning backbone_0 on task_3:
Finetuning other backbones_1 on task_3:
Finetuning other backbones_2 on task_3:
Finetuning other backbones_3 on task_3:
Finetuning other backbones_4 on task_3:
Creating distributions for task_3:
------------------------------------------------------------------------------------------------------------
>>> Test on task  0 : loss=0.000 | TAw acc= 59.0%, forg= 24.0%| TAg acc= 59.0%, forg= 24.0% <<<
Save at ../results/imagenet_subset_kaggle_ILFTF_image_0820_ma_I50_T11_C5-randseed1993
>>> Test on task  1 : loss=0.000 | TAw acc= 89.0%, forg=  5.0%| TAg acc= 76.0%, forg=  4.0% <<<
Save at ../results/imagenet_subset_kaggle_ILFTF_image_0820_ma_I50_T11_C5-randseed1993
>>> Test on task  2 : loss=0.000 | TAw acc= 88.0%, forg=  0.0%| TAg acc= 70.0%, forg=  8.0% <<<
Save at ../results/imagenet_subset_kaggle_ILFTF_image_0820_ma_I50_T11_C5-randseed1993
>>> Test on task  3 : loss=0.000 | TAw acc= 97.0%, forg=  0.0%| TAg acc= 88.0%, forg=  0.0% <<<
Save at ../results/imagenet_subset_kaggle_ILFTF_image_0820_ma_I50_T11_C5-randseed1993
************************************************************************************************************
Task  4
************************************************************************************************************
Finetuning backbone_0 on task_4:
Finetuning other backbones_1 on task_4:
Finetuning other backbones_2 on task_4:
Finetuning other backbones_3 on task_4:
Finetuning other backbones_4 on task_4:
Creating distributions for task_4:
------------------------------------------------------------------------------------------------------------
>>> Test on task  0 : loss=0.000 | TAw acc= 53.0%, forg= 30.0%| TAg acc= 53.0%, forg= 30.0% <<<
Save at ../results/imagenet_subset_kaggle_ILFTF_image_0820_ma_I50_T11_C5-randseed1993
>>> Test on task  1 : loss=0.000 | TAw acc= 87.0%, forg=  7.0%| TAg acc= 72.0%, forg=  8.0% <<<
Save at ../results/imagenet_subset_kaggle_ILFTF_image_0820_ma_I50_T11_C5-randseed1993
>>> Test on task  2 : loss=0.000 | TAw acc= 87.0%, forg=  1.0%| TAg acc= 68.0%, forg= 10.0% <<<
Save at ../results/imagenet_subset_kaggle_ILFTF_image_0820_ma_I50_T11_C5-randseed1993
>>> Test on task  3 : loss=0.000 | TAw acc= 94.0%, forg=  3.0%| TAg acc= 85.0%, forg=  3.0% <<<
Save at ../results/imagenet_subset_kaggle_ILFTF_image_0820_ma_I50_T11_C5-randseed1993
>>> Test on task  4 : loss=0.000 | TAw acc= 91.0%, forg=  0.0%| TAg acc= 83.0%, forg=  0.0% <<<
Save at ../results/imagenet_subset_kaggle_ILFTF_image_0820_ma_I50_T11_C5-randseed1993
************************************************************************************************************
Task  5
************************************************************************************************************
Finetuning backbone_0 on task_5:
Finetuning other backbones_1 on task_5:
Finetuning other backbones_2 on task_5:
Finetuning other backbones_3 on task_5:
Finetuning other backbones_4 on task_5:
Creating distributions for task_5:
------------------------------------------------------------------------------------------------------------
>>> Test on task  0 : loss=0.000 | TAw acc= 47.0%, forg= 36.0%| TAg acc= 47.0%, forg= 36.0% <<<
Save at ../results/imagenet_subset_kaggle_ILFTF_image_0820_ma_I50_T11_C5-randseed1993
>>> Test on task  1 : loss=0.000 | TAw acc= 85.0%, forg=  9.0%| TAg acc= 67.0%, forg= 13.0% <<<
Save at ../results/imagenet_subset_kaggle_ILFTF_image_0820_ma_I50_T11_C5-randseed1993
>>> Test on task  2 : loss=0.000 | TAw acc= 85.0%, forg=  3.0%| TAg acc= 64.0%, forg= 14.0% <<<
Save at ../results/imagenet_subset_kaggle_ILFTF_image_0820_ma_I50_T11_C5-randseed1993
>>> Test on task  3 : loss=0.000 | TAw acc= 92.0%, forg=  5.0%| TAg acc= 79.0%, forg=  9.0% <<<
Save at ../results/imagenet_subset_kaggle_ILFTF_image_0820_ma_I50_T11_C5-randseed1993
>>> Test on task  4 : loss=0.000 | TAw acc= 86.0%, forg=  5.0%| TAg acc= 79.0%, forg=  4.0% <<<
Save at ../results/imagenet_subset_kaggle_ILFTF_image_0820_ma_I50_T11_C5-randseed1993
>>> Test on task  5 : loss=0.000 | TAw acc= 94.0%, forg=  0.0%| TAg acc= 86.0%, forg=  0.0% <<<
Save at ../results/imagenet_subset_kaggle_ILFTF_image_0820_ma_I50_T11_C5-randseed1993
************************************************************************************************************
Task  6
************************************************************************************************************
Finetuning backbone_0 on task_6:
Finetuning other backbones_1 on task_6:
Finetuning other backbones_2 on task_6:
Finetuning other backbones_3 on task_6:
Finetuning other backbones_4 on task_6:
Creating distributions for task_6:
------------------------------------------------------------------------------------------------------------
>>> Test on task  0 : loss=0.000 | TAw acc= 39.0%, forg= 44.0%| TAg acc= 39.0%, forg= 44.0% <<<
Save at ../results/imagenet_subset_kaggle_ILFTF_image_0820_ma_I50_T11_C5-randseed1993
>>> Test on task  1 : loss=0.000 | TAw acc= 83.0%, forg= 11.0%| TAg acc= 59.0%, forg= 21.0% <<<
Save at ../results/imagenet_subset_kaggle_ILFTF_image_0820_ma_I50_T11_C5-randseed1993
>>> Test on task  2 : loss=0.000 | TAw acc= 79.0%, forg=  9.0%| TAg acc= 55.0%, forg= 23.0% <<<
Save at ../results/imagenet_subset_kaggle_ILFTF_image_0820_ma_I50_T11_C5-randseed1993
>>> Test on task  3 : loss=0.000 | TAw acc= 87.0%, forg= 10.0%| TAg acc= 72.0%, forg= 16.0% <<<
Save at ../results/imagenet_subset_kaggle_ILFTF_image_0820_ma_I50_T11_C5-randseed1993
>>> Test on task  4 : loss=0.000 | TAw acc= 84.0%, forg=  7.0%| TAg acc= 75.0%, forg=  8.0% <<<
Save at ../results/imagenet_subset_kaggle_ILFTF_image_0820_ma_I50_T11_C5-randseed1993
>>> Test on task  5 : loss=0.000 | TAw acc= 94.0%, forg=  0.0%| TAg acc= 83.0%, forg=  3.0% <<<
Save at ../results/imagenet_subset_kaggle_ILFTF_image_0820_ma_I50_T11_C5-randseed1993
>>> Test on task  6 : loss=0.000 | TAw acc= 95.0%, forg=  0.0%| TAg acc= 89.0%, forg=  0.0% <<<
Save at ../results/imagenet_subset_kaggle_ILFTF_image_0820_ma_I50_T11_C5-randseed1993
************************************************************************************************************
Task  7
************************************************************************************************************
Finetuning backbone_0 on task_7:
Finetuning other backbones_1 on task_7:
Finetuning other backbones_2 on task_7:
Finetuning other backbones_3 on task_7:
Finetuning other backbones_4 on task_7:
Creating distributions for task_7:
------------------------------------------------------------------------------------------------------------
>>> Test on task  0 : loss=0.000 | TAw acc= 37.0%, forg= 46.0%| TAg acc= 37.0%, forg= 46.0% <<<
Save at ../results/imagenet_subset_kaggle_ILFTF_image_0820_ma_I50_T11_C5-randseed1993
>>> Test on task  1 : loss=0.000 | TAw acc= 82.0%, forg= 12.0%| TAg acc= 61.0%, forg= 19.0% <<<
Save at ../results/imagenet_subset_kaggle_ILFTF_image_0820_ma_I50_T11_C5-randseed1993
>>> Test on task  2 : loss=0.000 | TAw acc= 72.0%, forg= 16.0%| TAg acc= 48.0%, forg= 30.0% <<<
Save at ../results/imagenet_subset_kaggle_ILFTF_image_0820_ma_I50_T11_C5-randseed1993
>>> Test on task  3 : loss=0.000 | TAw acc= 88.0%, forg=  9.0%| TAg acc= 73.0%, forg= 15.0% <<<
Save at ../results/imagenet_subset_kaggle_ILFTF_image_0820_ma_I50_T11_C5-randseed1993
>>> Test on task  4 : loss=0.000 | TAw acc= 82.0%, forg=  9.0%| TAg acc= 76.0%, forg=  7.0% <<<
Save at ../results/imagenet_subset_kaggle_ILFTF_image_0820_ma_I50_T11_C5-randseed1993
>>> Test on task  5 : loss=0.000 | TAw acc= 91.0%, forg=  3.0%| TAg acc= 74.0%, forg= 12.0% <<<
Save at ../results/imagenet_subset_kaggle_ILFTF_image_0820_ma_I50_T11_C5-randseed1993
>>> Test on task  6 : loss=0.000 | TAw acc= 92.0%, forg=  3.0%| TAg acc= 83.0%, forg=  6.0% <<<
Save at ../results/imagenet_subset_kaggle_ILFTF_image_0820_ma_I50_T11_C5-randseed1993
>>> Test on task  7 : loss=0.000 | TAw acc= 96.0%, forg=  0.0%| TAg acc= 89.0%, forg=  0.0% <<<
Save at ../results/imagenet_subset_kaggle_ILFTF_image_0820_ma_I50_T11_C5-randseed1993
************************************************************************************************************
Task  8
************************************************************************************************************
Finetuning backbone_0 on task_8:
Finetuning other backbones_1 on task_8:
Finetuning other backbones_2 on task_8:
Finetuning other backbones_3 on task_8:
Finetuning other backbones_4 on task_8:
Creating distributions for task_8:
------------------------------------------------------------------------------------------------------------
>>> Test on task  0 : loss=0.000 | TAw acc= 33.0%, forg= 50.0%| TAg acc= 33.0%, forg= 50.0% <<<
Save at ../results/imagenet_subset_kaggle_ILFTF_image_0820_ma_I50_T11_C5-randseed1993
>>> Test on task  1 : loss=0.000 | TAw acc= 81.0%, forg= 13.0%| TAg acc= 62.0%, forg= 18.0% <<<
Save at ../results/imagenet_subset_kaggle_ILFTF_image_0820_ma_I50_T11_C5-randseed1993
>>> Test on task  2 : loss=0.000 | TAw acc= 70.0%, forg= 18.0%| TAg acc= 49.0%, forg= 29.0% <<<
Save at ../results/imagenet_subset_kaggle_ILFTF_image_0820_ma_I50_T11_C5-randseed1993
>>> Test on task  3 : loss=0.000 | TAw acc= 88.0%, forg=  9.0%| TAg acc= 72.0%, forg= 16.0% <<<
Save at ../results/imagenet_subset_kaggle_ILFTF_image_0820_ma_I50_T11_C5-randseed1993
>>> Test on task  4 : loss=0.000 | TAw acc= 87.0%, forg=  4.0%| TAg acc= 71.0%, forg= 12.0% <<<
Save at ../results/imagenet_subset_kaggle_ILFTF_image_0820_ma_I50_T11_C5-randseed1993
>>> Test on task  5 : loss=0.000 | TAw acc= 88.0%, forg=  6.0%| TAg acc= 64.0%, forg= 22.0% <<<
Save at ../results/imagenet_subset_kaggle_ILFTF_image_0820_ma_I50_T11_C5-randseed1993
>>> Test on task  6 : loss=0.000 | TAw acc= 88.0%, forg=  7.0%| TAg acc= 63.0%, forg= 26.0% <<<
Save at ../results/imagenet_subset_kaggle_ILFTF_image_0820_ma_I50_T11_C5-randseed1993
>>> Test on task  7 : loss=0.000 | TAw acc= 94.0%, forg=  2.0%| TAg acc= 80.0%, forg=  9.0% <<<
Save at ../results/imagenet_subset_kaggle_ILFTF_image_0820_ma_I50_T11_C5-randseed1993
>>> Test on task  8 : loss=0.000 | TAw acc= 86.0%, forg=  0.0%| TAg acc= 83.0%, forg=  0.0% <<<
Save at ../results/imagenet_subset_kaggle_ILFTF_image_0820_ma_I50_T11_C5-randseed1993
************************************************************************************************************
Task  9
************************************************************************************************************
Finetuning backbone_0 on task_9:
Finetuning other backbones_1 on task_9:
Finetuning other backbones_2 on task_9:
Finetuning other backbones_3 on task_9:
Finetuning other backbones_4 on task_9:
Creating distributions for task_9:
------------------------------------------------------------------------------------------------------------
>>> Test on task  0 : loss=0.000 | TAw acc= 27.0%, forg= 56.0%| TAg acc= 27.0%, forg= 56.0% <<<
Save at ../results/imagenet_subset_kaggle_ILFTF_image_0820_ma_I50_T11_C5-randseed1993
>>> Test on task  1 : loss=0.000 | TAw acc= 74.0%, forg= 20.0%| TAg acc= 56.0%, forg= 24.0% <<<
Save at ../results/imagenet_subset_kaggle_ILFTF_image_0820_ma_I50_T11_C5-randseed1993
>>> Test on task  2 : loss=0.000 | TAw acc= 65.0%, forg= 23.0%| TAg acc= 40.0%, forg= 38.0% <<<
Save at ../results/imagenet_subset_kaggle_ILFTF_image_0820_ma_I50_T11_C5-randseed1993
>>> Test on task  3 : loss=0.000 | TAw acc= 81.0%, forg= 16.0%| TAg acc= 64.0%, forg= 24.0% <<<
Save at ../results/imagenet_subset_kaggle_ILFTF_image_0820_ma_I50_T11_C5-randseed1993
>>> Test on task  4 : loss=0.000 | TAw acc= 82.0%, forg=  9.0%| TAg acc= 62.0%, forg= 21.0% <<<
Save at ../results/imagenet_subset_kaggle_ILFTF_image_0820_ma_I50_T11_C5-randseed1993
>>> Test on task  5 : loss=0.000 | TAw acc= 84.0%, forg= 10.0%| TAg acc= 55.0%, forg= 31.0% <<<
Save at ../results/imagenet_subset_kaggle_ILFTF_image_0820_ma_I50_T11_C5-randseed1993
>>> Test on task  6 : loss=0.000 | TAw acc= 80.0%, forg= 15.0%| TAg acc= 56.0%, forg= 33.0% <<<
Save at ../results/imagenet_subset_kaggle_ILFTF_image_0820_ma_I50_T11_C5-randseed1993
>>> Test on task  7 : loss=0.000 | TAw acc= 89.0%, forg=  7.0%| TAg acc= 63.0%, forg= 26.0% <<<
Save at ../results/imagenet_subset_kaggle_ILFTF_image_0820_ma_I50_T11_C5-randseed1993
>>> Test on task  8 : loss=0.000 | TAw acc= 80.0%, forg=  6.0%| TAg acc= 75.0%, forg=  8.0% <<<
Save at ../results/imagenet_subset_kaggle_ILFTF_image_0820_ma_I50_T11_C5-randseed1993
>>> Test on task  9 : loss=0.000 | TAw acc= 94.0%, forg=  0.0%| TAg acc= 90.0%, forg=  0.0% <<<
Save at ../results/imagenet_subset_kaggle_ILFTF_image_0820_ma_I50_T11_C5-randseed1993
************************************************************************************************************
Task 10
************************************************************************************************************
Finetuning backbone_0 on task_10:
Finetuning other backbones_1 on task_10:
Finetuning other backbones_2 on task_10:
Finetuning other backbones_3 on task_10:
Finetuning other backbones_4 on task_10:
Creating distributions for task_10:
------------------------------------------------------------------------------------------------------------
>>> Test on task  0 : loss=0.000 | TAw acc= 28.0%, forg= 55.0%| TAg acc= 28.0%, forg= 55.0% <<<
Save at ../results/imagenet_subset_kaggle_ILFTF_image_0820_ma_I50_T11_C5-randseed1993
>>> Test on task  1 : loss=0.000 | TAw acc= 77.0%, forg= 17.0%| TAg acc= 62.0%, forg= 18.0% <<<
Save at ../results/imagenet_subset_kaggle_ILFTF_image_0820_ma_I50_T11_C5-randseed1993
>>> Test on task  2 : loss=0.000 | TAw acc= 68.0%, forg= 20.0%| TAg acc= 45.0%, forg= 33.0% <<<
Save at ../results/imagenet_subset_kaggle_ILFTF_image_0820_ma_I50_T11_C5-randseed1993
>>> Test on task  3 : loss=0.000 | TAw acc= 84.0%, forg= 13.0%| TAg acc= 70.0%, forg= 18.0% <<<
Save at ../results/imagenet_subset_kaggle_ILFTF_image_0820_ma_I50_T11_C5-randseed1993
>>> Test on task  4 : loss=0.000 | TAw acc= 80.0%, forg= 11.0%| TAg acc= 68.0%, forg= 15.0% <<<
Save at ../results/imagenet_subset_kaggle_ILFTF_image_0820_ma_I50_T11_C5-randseed1993
>>> Test on task  5 : loss=0.000 | TAw acc= 84.0%, forg= 10.0%| TAg acc= 55.0%, forg= 31.0% <<<
Save at ../results/imagenet_subset_kaggle_ILFTF_image_0820_ma_I50_T11_C5-randseed1993
>>> Test on task  6 : loss=0.000 | TAw acc= 85.0%, forg= 10.0%| TAg acc= 55.0%, forg= 34.0% <<<
Save at ../results/imagenet_subset_kaggle_ILFTF_image_0820_ma_I50_T11_C5-randseed1993
>>> Test on task  7 : loss=0.000 | TAw acc= 90.0%, forg=  6.0%| TAg acc= 76.0%, forg= 13.0% <<<
Save at ../results/imagenet_subset_kaggle_ILFTF_image_0820_ma_I50_T11_C5-randseed1993
>>> Test on task  8 : loss=0.000 | TAw acc= 76.0%, forg= 10.0%| TAg acc= 68.0%, forg= 15.0% <<<
Save at ../results/imagenet_subset_kaggle_ILFTF_image_0820_ma_I50_T11_C5-randseed1993
>>> Test on task  9 : loss=0.000 | TAw acc= 90.0%, forg=  4.0%| TAg acc= 79.0%, forg= 11.0% <<<
Save at ../results/imagenet_subset_kaggle_ILFTF_image_0820_ma_I50_T11_C5-randseed1993
>>> Test on task 10 : loss=0.000 | TAw acc= 92.0%, forg=  0.0%| TAg acc= 90.0%, forg=  0.0% <<<
Save at ../results/imagenet_subset_kaggle_ILFTF_image_0820_ma_I50_T11_C5-randseed1993
************************************************************************************************************
TAw Acc
	 83.0%   0.0%   0.0%   0.0%   0.0%   0.0%   0.0%   0.0%   0.0%   0.0%   0.0% 	Avg.: 83.0% 
	 76.0%  94.0%   0.0%   0.0%   0.0%   0.0%   0.0%   0.0%   0.0%   0.0%   0.0% 	Avg.: 85.0% 
	 67.0%  90.0%  88.0%   0.0%   0.0%   0.0%   0.0%   0.0%   0.0%   0.0%   0.0% 	Avg.: 81.7% 
	 59.0%  89.0%  88.0%  97.0%   0.0%   0.0%   0.0%   0.0%   0.0%   0.0%   0.0% 	Avg.: 83.2% 
	 53.0%  87.0%  87.0%  94.0%  91.0%   0.0%   0.0%   0.0%   0.0%   0.0%   0.0% 	Avg.: 82.4% 
	 47.0%  85.0%  85.0%  92.0%  86.0%  94.0%   0.0%   0.0%   0.0%   0.0%   0.0% 	Avg.: 81.5% 
	 39.0%  83.0%  79.0%  87.0%  84.0%  94.0%  95.0%   0.0%   0.0%   0.0%   0.0% 	Avg.: 80.1% 
	 37.0%  82.0%  72.0%  88.0%  82.0%  91.0%  92.0%  96.0%   0.0%   0.0%   0.0% 	Avg.: 80.0% 
	 33.0%  81.0%  70.0%  88.0%  87.0%  88.0%  88.0%  94.0%  86.0%   0.0%   0.0% 	Avg.: 79.4% 
	 27.0%  74.0%  65.0%  81.0%  82.0%  84.0%  80.0%  89.0%  80.0%  94.0%   0.0% 	Avg.: 75.6% 
	 28.0%  77.0%  68.0%  84.0%  80.0%  84.0%  85.0%  90.0%  76.0%  90.0%  92.0% 	Avg.: 77.6% 
Average incremental: 80.9% 
--------------------------------------------------
TAw Acc on CIL taskes

	 94.0%   0.0%   0.0%   0.0%   0.0%   0.0%   0.0%   0.0%   0.0%   0.0% 	Avg.: 94.0% 
	 90.0%  88.0%   0.0%   0.0%   0.0%   0.0%   0.0%   0.0%   0.0%   0.0% 	Avg.: 89.0% 
	 89.0%  88.0%  97.0%   0.0%   0.0%   0.0%   0.0%   0.0%   0.0%   0.0% 	Avg.: 91.3% 
	 87.0%  87.0%  94.0%  91.0%   0.0%   0.0%   0.0%   0.0%   0.0%   0.0% 	Avg.: 89.8% 
	 85.0%  85.0%  92.0%  86.0%  94.0%   0.0%   0.0%   0.0%   0.0%   0.0% 	Avg.: 88.4% 
	 83.0%  79.0%  87.0%  84.0%  94.0%  95.0%   0.0%   0.0%   0.0%   0.0% 	Avg.: 87.0% 
	 82.0%  72.0%  88.0%  82.0%  91.0%  92.0%  96.0%   0.0%   0.0%   0.0% 	Avg.: 86.1% 
	 81.0%  70.0%  88.0%  87.0%  88.0%  88.0%  94.0%  86.0%   0.0%   0.0% 	Avg.: 85.2% 
	 74.0%  65.0%  81.0%  82.0%  84.0%  80.0%  89.0%  80.0%  94.0%   0.0% 	Avg.: 81.0% 
	 77.0%  68.0%  84.0%  80.0%  84.0%  85.0%  90.0%  76.0%  90.0%  92.0% 	Avg.: 82.6% 
Average on CIL taskes: 87.4% 
************************************************************************************************************
TAg Acc
	 83.0%   0.0%   0.0%   0.0%   0.0%   0.0%   0.0%   0.0%   0.0%   0.0%   0.0% 	Avg.: 83.0% 
	 76.0%  80.0%   0.0%   0.0%   0.0%   0.0%   0.0%   0.0%   0.0%   0.0%   0.0% 	Avg.: 78.0% 
	 67.0%  79.0%  78.0%   0.0%   0.0%   0.0%   0.0%   0.0%   0.0%   0.0%   0.0% 	Avg.: 74.7% 
	 59.0%  76.0%  70.0%  88.0%   0.0%   0.0%   0.0%   0.0%   0.0%   0.0%   0.0% 	Avg.: 73.2% 
	 53.0%  72.0%  68.0%  85.0%  83.0%   0.0%   0.0%   0.0%   0.0%   0.0%   0.0% 	Avg.: 72.2% 
	 47.0%  67.0%  64.0%  79.0%  79.0%  86.0%   0.0%   0.0%   0.0%   0.0%   0.0% 	Avg.: 70.3% 
	 39.0%  59.0%  55.0%  72.0%  75.0%  83.0%  89.0%   0.0%   0.0%   0.0%   0.0% 	Avg.: 67.4% 
	 37.0%  61.0%  48.0%  73.0%  76.0%  74.0%  83.0%  89.0%   0.0%   0.0%   0.0% 	Avg.: 67.6% 
	 33.0%  62.0%  49.0%  72.0%  71.0%  64.0%  63.0%  80.0%  83.0%   0.0%   0.0% 	Avg.: 64.1% 
	 27.0%  56.0%  40.0%  64.0%  62.0%  55.0%  56.0%  63.0%  75.0%  90.0%   0.0% 	Avg.: 58.8% 
	 28.0%  62.0%  45.0%  70.0%  68.0%  55.0%  55.0%  76.0%  68.0%  79.0%  90.0% 	Avg.: 63.3% 
Average incremental: 70.2% 
--------------------------------------------------
TAg Acc on CIL taskes

	 80.0%   0.0%   0.0%   0.0%   0.0%   0.0%   0.0%   0.0%   0.0%   0.0% 	Avg.: 80.0% 
	 79.0%  78.0%   0.0%   0.0%   0.0%   0.0%   0.0%   0.0%   0.0%   0.0% 	Avg.: 78.5% 
	 76.0%  70.0%  88.0%   0.0%   0.0%   0.0%   0.0%   0.0%   0.0%   0.0% 	Avg.: 78.0% 
	 72.0%  68.0%  85.0%  83.0%   0.0%   0.0%   0.0%   0.0%   0.0%   0.0% 	Avg.: 77.0% 
	 67.0%  64.0%  79.0%  79.0%  86.0%   0.0%   0.0%   0.0%   0.0%   0.0% 	Avg.: 75.0% 
	 59.0%  55.0%  72.0%  75.0%  83.0%  89.0%   0.0%   0.0%   0.0%   0.0% 	Avg.: 72.2% 
	 61.0%  48.0%  73.0%  76.0%  74.0%  83.0%  89.0%   0.0%   0.0%   0.0% 	Avg.: 72.0% 
	 62.0%  49.0%  72.0%  71.0%  64.0%  63.0%  80.0%  83.0%   0.0%   0.0% 	Avg.: 68.0% 
	 56.0%  40.0%  64.0%  62.0%  55.0%  56.0%  63.0%  75.0%  90.0%   0.0% 	Avg.: 62.3% 
	 62.0%  45.0%  70.0%  68.0%  55.0%  55.0%  76.0%  68.0%  79.0%  90.0% 	Avg.: 66.8% 
Average on CIL taskes: 73.0% 
************************************************************************************************************
TAw Forg
	  0.0%   0.0%   0.0%   0.0%   0.0%   0.0%   0.0%   0.0%   0.0%   0.0%   0.0% 	Avg.: 66.8% 
	  7.0%   0.0%   0.0%   0.0%   0.0%   0.0%   0.0%   0.0%   0.0%   0.0%   0.0% 	Avg.:  7.0% 
	 16.0%   4.0%   0.0%   0.0%   0.0%   0.0%   0.0%   0.0%   0.0%   0.0%   0.0% 	Avg.: 10.0% 
	 24.0%   5.0%   0.0%   0.0%   0.0%   0.0%   0.0%   0.0%   0.0%   0.0%   0.0% 	Avg.:  9.7% 
	 30.0%   7.0%   1.0%   3.0%   0.0%   0.0%   0.0%   0.0%   0.0%   0.0%   0.0% 	Avg.: 10.2% 
	 36.0%   9.0%   3.0%   5.0%   5.0%   0.0%   0.0%   0.0%   0.0%   0.0%   0.0% 	Avg.: 11.6% 
	 44.0%  11.0%   9.0%  10.0%   7.0%   0.0%   0.0%   0.0%   0.0%   0.0%   0.0% 	Avg.: 13.5% 
	 46.0%  12.0%  16.0%   9.0%   9.0%   3.0%   3.0%   0.0%   0.0%   0.0%   0.0% 	Avg.: 14.0% 
	 50.0%  13.0%  18.0%   9.0%   4.0%   6.0%   7.0%   2.0%   0.0%   0.0%   0.0% 	Avg.: 13.6% 
	 56.0%  20.0%  23.0%  16.0%   9.0%  10.0%  15.0%   7.0%   6.0%   0.0%   0.0% 	Avg.: 18.0% 
	 55.0%  17.0%  20.0%  13.0%  11.0%  10.0%  10.0%   6.0%  10.0%   4.0%   0.0% 	Avg.: 15.6% 
************************************************************************************************************
TAg Forg
	  0.0%   0.0%   0.0%   0.0%   0.0%   0.0%   0.0%   0.0%   0.0%   0.0%   0.0% 	Avg.: 15.6% 
	  7.0%   0.0%   0.0%   0.0%   0.0%   0.0%   0.0%   0.0%   0.0%   0.0%   0.0% 	Avg.:  7.0% 
	 16.0%   1.0%   0.0%   0.0%   0.0%   0.0%   0.0%   0.0%   0.0%   0.0%   0.0% 	Avg.:  8.5% 
	 24.0%   4.0%   8.0%   0.0%   0.0%   0.0%   0.0%   0.0%   0.0%   0.0%   0.0% 	Avg.: 12.0% 
	 30.0%   8.0%  10.0%   3.0%   0.0%   0.0%   0.0%   0.0%   0.0%   0.0%   0.0% 	Avg.: 12.8% 
	 36.0%  13.0%  14.0%   9.0%   4.0%   0.0%   0.0%   0.0%   0.0%   0.0%   0.0% 	Avg.: 15.2% 
	 44.0%  21.0%  23.0%  16.0%   8.0%   3.0%   0.0%   0.0%   0.0%   0.0%   0.0% 	Avg.: 19.2% 
	 46.0%  19.0%  30.0%  15.0%   7.0%  12.0%   6.0%   0.0%   0.0%   0.0%   0.0% 	Avg.: 19.3% 
	 50.0%  18.0%  29.0%  16.0%  12.0%  22.0%  26.0%   9.0%   0.0%   0.0%   0.0% 	Avg.: 22.7% 
	 56.0%  24.0%  38.0%  24.0%  21.0%  31.0%  33.0%  26.0%   8.0%   0.0%   0.0% 	Avg.: 29.0% 
	 55.0%  18.0%  33.0%  18.0%  15.0%  31.0%  34.0%  13.0%  15.0%  11.0%   0.0% 	Avg.: 24.3% 
************************************************************************************************************
[Elapsed time for incremental learning = 4.6 h]
Done!
