gcc-9.3.0 loaded successful
cuda-12.1 loaded successful
============================================================================================================
Arguments =
	approach: ILFTF
	batch_size: 128
	clipping: 1.0
	collapse_alpha: 0.2
	datasets: ['imagenet_subset_kaggle']
	eval_on_train: False
	exp_name: image_0820_ma_I50_T11_C5-randseed1993
	extra_aug: fetril
	fix_bn: False
	ftepochs: 100
	gpu: 0
	inc_sub_rate: 0.2
	keep_existing_head: False
	last_layer_analysis: False
	log: ['disk']
	lr: 0.05
	lr_factor: 3
	lr_min: 0.0001
	lr_patience: 5
	momentum: 0.9
	multi_softmax: False
	nc_first_task: 50
	nc_inc_tasks: 5
	nc_total: 100
	nepochs: 200
	network: resnet18
	no_cudnn_deterministic: False
	num_experts: 5
	num_tasks: 11
	num_workers: 4
	pin_memory: False
	pretrained: False
	random_seed: 1993
	results_path: ../results
	save_models: False
	seed: 1
	shared: 1.0
	small_data_rate: 0.1
	stop_at_task: 0
	use_test_as_val: True
	use_valid_only: False
	warmup_lr_factor: 1.0
	warmup_nepochs: 0
	weight_decay: 0.0005
============================================================================================================
/home/bingxing2/home/scx7aum/.conda/envs/pytorch/lib/python3.11/site-packages/torchvision/models/_utils.py:208: UserWarning: The parameter 'pretrained' is deprecated since 0.13 and may be removed in the future, please use 'weights' instead.
  warnings.warn(
/home/bingxing2/home/scx7aum/.conda/envs/pytorch/lib/python3.11/site-packages/torchvision/models/_utils.py:223: UserWarning: Arguments other than a weight enum or `None` for 'weights' are deprecated since 0.13 and may be removed in the future. The current behavior is equivalent to passing `weights=None`.
  warnings.warn(msg)
Approach arguments =
	alpha: 0.5
	ftwd: 0
	ini_kd_loss: 0.1
	initialization_strategy: first
	max_experts: 5
	tau: 3.0
	use_nmc: False
============================================================================================================
Generating train/test splits for ImageNet-Subset directory: ../data/seed_1993_subset_100_imagenet
[(0, 50), (1, 5), (2, 5), (3, 5), (4, 5), (5, 5), (6, 5), (7, 5), (8, 5), (9, 5), (10, 5)]
************************************************************************************************************
Task  0
************************************************************************************************************
Training backbone_0 on task_0:
The expert_0 has 11,212,594 trainable parameters
The expert_0 has 0 shared parameters

Training backbone_1 on task_0:
The expert_1 has 11,064,626 trainable parameters
The expert_1 has 147,968 shared parameters

Training backbone_2 on task_0:
The expert_2 has 11,064,626 trainable parameters
The expert_2 has 147,968 shared parameters

Training backbone_3 on task_0:
The expert_3 has 11,064,626 trainable parameters
The expert_3 has 147,968 shared parameters

Training backbone_4 on task_0:
The expert_4 has 11,064,626 trainable parameters
The expert_4 has 147,968 shared parameters

Creating distributions for task_0:
------------------------------------------------------------------------------------------------------------
>>> Test on task  0 : loss=0.000 | TAw acc= 84.0%, forg=  0.0%| TAg acc= 84.0%, forg=  0.0% <<<
Save at ../results/imagenet_subset_kaggle_ILFTF_image_0820_ma_I50_T11_C5-randseed1993
[Elapsed time in init_stage = 13.9 h]
************************************************************************************************************
Task  1
************************************************************************************************************
Finetuning backbone_0 on task_1:
Finetuning other backbones_1 on task_1:
Finetuning other backbones_2 on task_1:
Finetuning other backbones_3 on task_1:
Finetuning other backbones_4 on task_1:
Creating distributions for task_1:
------------------------------------------------------------------------------------------------------------
>>> Test on task  0 : loss=0.000 | TAw acc= 77.0%, forg=  7.0%| TAg acc= 77.0%, forg=  7.0% <<<
Save at ../results/imagenet_subset_kaggle_ILFTF_image_0820_ma_I50_T11_C5-randseed1993
>>> Test on task  1 : loss=0.000 | TAw acc= 95.0%, forg=  0.0%| TAg acc= 82.0%, forg=  0.0% <<<
Save at ../results/imagenet_subset_kaggle_ILFTF_image_0820_ma_I50_T11_C5-randseed1993
************************************************************************************************************
Task  2
************************************************************************************************************
Finetuning backbone_0 on task_2:
Finetuning other backbones_1 on task_2:
Finetuning other backbones_2 on task_2:
Finetuning other backbones_3 on task_2:
Finetuning other backbones_4 on task_2:
Creating distributions for task_2:
------------------------------------------------------------------------------------------------------------
>>> Test on task  0 : loss=0.000 | TAw acc= 68.0%, forg= 16.0%| TAg acc= 68.0%, forg= 16.0% <<<
Save at ../results/imagenet_subset_kaggle_ILFTF_image_0820_ma_I50_T11_C5-randseed1993
>>> Test on task  1 : loss=0.000 | TAw acc= 92.0%, forg=  3.0%| TAg acc= 79.0%, forg=  3.0% <<<
Save at ../results/imagenet_subset_kaggle_ILFTF_image_0820_ma_I50_T11_C5-randseed1993
>>> Test on task  2 : loss=0.000 | TAw acc= 90.0%, forg=  0.0%| TAg acc= 73.0%, forg=  0.0% <<<
Save at ../results/imagenet_subset_kaggle_ILFTF_image_0820_ma_I50_T11_C5-randseed1993
************************************************************************************************************
Task  3
************************************************************************************************************
Finetuning backbone_0 on task_3:
Finetuning other backbones_1 on task_3:
Finetuning other backbones_2 on task_3:
Finetuning other backbones_3 on task_3:
Finetuning other backbones_4 on task_3:
Creating distributions for task_3:
------------------------------------------------------------------------------------------------------------
>>> Test on task  0 : loss=0.000 | TAw acc= 60.0%, forg= 24.0%| TAg acc= 60.0%, forg= 24.0% <<<
Save at ../results/imagenet_subset_kaggle_ILFTF_image_0820_ma_I50_T11_C5-randseed1993
>>> Test on task  1 : loss=0.000 | TAw acc= 90.0%, forg=  5.0%| TAg acc= 74.0%, forg=  8.0% <<<
Save at ../results/imagenet_subset_kaggle_ILFTF_image_0820_ma_I50_T11_C5-randseed1993
>>> Test on task  2 : loss=0.000 | TAw acc= 87.0%, forg=  3.0%| TAg acc= 68.0%, forg=  5.0% <<<
Save at ../results/imagenet_subset_kaggle_ILFTF_image_0820_ma_I50_T11_C5-randseed1993
>>> Test on task  3 : loss=0.000 | TAw acc= 95.0%, forg=  0.0%| TAg acc= 88.0%, forg=  0.0% <<<
Save at ../results/imagenet_subset_kaggle_ILFTF_image_0820_ma_I50_T11_C5-randseed1993
************************************************************************************************************
Task  4
************************************************************************************************************
Finetuning backbone_0 on task_4:
Finetuning other backbones_1 on task_4:
Finetuning other backbones_2 on task_4:
Finetuning other backbones_3 on task_4:
Finetuning other backbones_4 on task_4:
Creating distributions for task_4:
------------------------------------------------------------------------------------------------------------
>>> Test on task  0 : loss=0.000 | TAw acc= 54.0%, forg= 30.0%| TAg acc= 54.0%, forg= 30.0% <<<
Save at ../results/imagenet_subset_kaggle_ILFTF_image_0820_ma_I50_T11_C5-randseed1993
>>> Test on task  1 : loss=0.000 | TAw acc= 87.0%, forg=  8.0%| TAg acc= 74.0%, forg=  8.0% <<<
Save at ../results/imagenet_subset_kaggle_ILFTF_image_0820_ma_I50_T11_C5-randseed1993
>>> Test on task  2 : loss=0.000 | TAw acc= 86.0%, forg=  4.0%| TAg acc= 64.0%, forg=  9.0% <<<
Save at ../results/imagenet_subset_kaggle_ILFTF_image_0820_ma_I50_T11_C5-randseed1993
>>> Test on task  3 : loss=0.000 | TAw acc= 95.0%, forg=  0.0%| TAg acc= 85.0%, forg=  3.0% <<<
Save at ../results/imagenet_subset_kaggle_ILFTF_image_0820_ma_I50_T11_C5-randseed1993
>>> Test on task  4 : loss=0.000 | TAw acc= 91.0%, forg=  0.0%| TAg acc= 80.0%, forg=  0.0% <<<
Save at ../results/imagenet_subset_kaggle_ILFTF_image_0820_ma_I50_T11_C5-randseed1993
************************************************************************************************************
Task  5
************************************************************************************************************
Finetuning backbone_0 on task_5:
Finetuning other backbones_1 on task_5:
Finetuning other backbones_2 on task_5:
Finetuning other backbones_3 on task_5:
Finetuning other backbones_4 on task_5:
Creating distributions for task_5:
------------------------------------------------------------------------------------------------------------
>>> Test on task  0 : loss=0.000 | TAw acc= 51.0%, forg= 33.0%| TAg acc= 51.0%, forg= 33.0% <<<
Save at ../results/imagenet_subset_kaggle_ILFTF_image_0820_ma_I50_T11_C5-randseed1993
>>> Test on task  1 : loss=0.000 | TAw acc= 86.0%, forg=  9.0%| TAg acc= 72.0%, forg= 10.0% <<<
Save at ../results/imagenet_subset_kaggle_ILFTF_image_0820_ma_I50_T11_C5-randseed1993
>>> Test on task  2 : loss=0.000 | TAw acc= 85.0%, forg=  5.0%| TAg acc= 62.0%, forg= 11.0% <<<
Save at ../results/imagenet_subset_kaggle_ILFTF_image_0820_ma_I50_T11_C5-randseed1993
>>> Test on task  3 : loss=0.000 | TAw acc= 93.0%, forg=  2.0%| TAg acc= 81.0%, forg=  7.0% <<<
Save at ../results/imagenet_subset_kaggle_ILFTF_image_0820_ma_I50_T11_C5-randseed1993
>>> Test on task  4 : loss=0.000 | TAw acc= 86.0%, forg=  5.0%| TAg acc= 78.0%, forg=  2.0% <<<
Save at ../results/imagenet_subset_kaggle_ILFTF_image_0820_ma_I50_T11_C5-randseed1993
>>> Test on task  5 : loss=0.000 | TAw acc= 95.0%, forg=  0.0%| TAg acc= 88.0%, forg=  0.0% <<<
Save at ../results/imagenet_subset_kaggle_ILFTF_image_0820_ma_I50_T11_C5-randseed1993
************************************************************************************************************
Task  6
************************************************************************************************************
Finetuning backbone_0 on task_6:
Finetuning other backbones_1 on task_6:
Finetuning other backbones_2 on task_6:
Finetuning other backbones_3 on task_6:
Finetuning other backbones_4 on task_6:
Creating distributions for task_6:
------------------------------------------------------------------------------------------------------------
>>> Test on task  0 : loss=0.000 | TAw acc= 41.0%, forg= 43.0%| TAg acc= 41.0%, forg= 43.0% <<<
Save at ../results/imagenet_subset_kaggle_ILFTF_image_0820_ma_I50_T11_C5-randseed1993
>>> Test on task  1 : loss=0.000 | TAw acc= 83.0%, forg= 12.0%| TAg acc= 65.0%, forg= 17.0% <<<
Save at ../results/imagenet_subset_kaggle_ILFTF_image_0820_ma_I50_T11_C5-randseed1993
>>> Test on task  2 : loss=0.000 | TAw acc= 81.0%, forg=  9.0%| TAg acc= 54.0%, forg= 19.0% <<<
Save at ../results/imagenet_subset_kaggle_ILFTF_image_0820_ma_I50_T11_C5-randseed1993
>>> Test on task  3 : loss=0.000 | TAw acc= 86.0%, forg=  9.0%| TAg acc= 74.0%, forg= 14.0% <<<
Save at ../results/imagenet_subset_kaggle_ILFTF_image_0820_ma_I50_T11_C5-randseed1993
>>> Test on task  4 : loss=0.000 | TAw acc= 86.0%, forg=  5.0%| TAg acc= 74.0%, forg=  6.0% <<<
Save at ../results/imagenet_subset_kaggle_ILFTF_image_0820_ma_I50_T11_C5-randseed1993
>>> Test on task  5 : loss=0.000 | TAw acc= 93.0%, forg=  2.0%| TAg acc= 82.0%, forg=  6.0% <<<
Save at ../results/imagenet_subset_kaggle_ILFTF_image_0820_ma_I50_T11_C5-randseed1993
>>> Test on task  6 : loss=0.000 | TAw acc= 95.0%, forg=  0.0%| TAg acc= 88.0%, forg=  0.0% <<<
Save at ../results/imagenet_subset_kaggle_ILFTF_image_0820_ma_I50_T11_C5-randseed1993
************************************************************************************************************
Task  7
************************************************************************************************************
Finetuning backbone_0 on task_7:
Finetuning other backbones_1 on task_7:
Finetuning other backbones_2 on task_7:
Finetuning other backbones_3 on task_7:
Finetuning other backbones_4 on task_7:
Creating distributions for task_7:
------------------------------------------------------------------------------------------------------------
>>> Test on task  0 : loss=0.000 | TAw acc= 38.0%, forg= 46.0%| TAg acc= 38.0%, forg= 46.0% <<<
Save at ../results/imagenet_subset_kaggle_ILFTF_image_0820_ma_I50_T11_C5-randseed1993
>>> Test on task  1 : loss=0.000 | TAw acc= 85.0%, forg= 10.0%| TAg acc= 64.0%, forg= 18.0% <<<
Save at ../results/imagenet_subset_kaggle_ILFTF_image_0820_ma_I50_T11_C5-randseed1993
>>> Test on task  2 : loss=0.000 | TAw acc= 74.0%, forg= 16.0%| TAg acc= 54.0%, forg= 19.0% <<<
Save at ../results/imagenet_subset_kaggle_ILFTF_image_0820_ma_I50_T11_C5-randseed1993
>>> Test on task  3 : loss=0.000 | TAw acc= 86.0%, forg=  9.0%| TAg acc= 72.0%, forg= 16.0% <<<
Save at ../results/imagenet_subset_kaggle_ILFTF_image_0820_ma_I50_T11_C5-randseed1993
>>> Test on task  4 : loss=0.000 | TAw acc= 86.0%, forg=  5.0%| TAg acc= 76.0%, forg=  4.0% <<<
Save at ../results/imagenet_subset_kaggle_ILFTF_image_0820_ma_I50_T11_C5-randseed1993
>>> Test on task  5 : loss=0.000 | TAw acc= 90.0%, forg=  5.0%| TAg acc= 74.0%, forg= 14.0% <<<
Save at ../results/imagenet_subset_kaggle_ILFTF_image_0820_ma_I50_T11_C5-randseed1993
>>> Test on task  6 : loss=0.000 | TAw acc= 92.0%, forg=  3.0%| TAg acc= 82.0%, forg=  6.0% <<<
Save at ../results/imagenet_subset_kaggle_ILFTF_image_0820_ma_I50_T11_C5-randseed1993
>>> Test on task  7 : loss=0.000 | TAw acc= 95.0%, forg=  0.0%| TAg acc= 90.0%, forg=  0.0% <<<
Save at ../results/imagenet_subset_kaggle_ILFTF_image_0820_ma_I50_T11_C5-randseed1993
************************************************************************************************************
Task  8
************************************************************************************************************
Finetuning backbone_0 on task_8:
Finetuning other backbones_1 on task_8:
Finetuning other backbones_2 on task_8:
Finetuning other backbones_3 on task_8:
Finetuning other backbones_4 on task_8:
Creating distributions for task_8:
------------------------------------------------------------------------------------------------------------
>>> Test on task  0 : loss=0.000 | TAw acc= 35.0%, forg= 49.0%| TAg acc= 35.0%, forg= 49.0% <<<
Save at ../results/imagenet_subset_kaggle_ILFTF_image_0820_ma_I50_T11_C5-randseed1993
>>> Test on task  1 : loss=0.000 | TAw acc= 82.0%, forg= 13.0%| TAg acc= 64.0%, forg= 18.0% <<<
Save at ../results/imagenet_subset_kaggle_ILFTF_image_0820_ma_I50_T11_C5-randseed1993
>>> Test on task  2 : loss=0.000 | TAw acc= 70.0%, forg= 20.0%| TAg acc= 48.0%, forg= 25.0% <<<
Save at ../results/imagenet_subset_kaggle_ILFTF_image_0820_ma_I50_T11_C5-randseed1993
>>> Test on task  3 : loss=0.000 | TAw acc= 89.0%, forg=  6.0%| TAg acc= 72.0%, forg= 16.0% <<<
Save at ../results/imagenet_subset_kaggle_ILFTF_image_0820_ma_I50_T11_C5-randseed1993
>>> Test on task  4 : loss=0.000 | TAw acc= 86.0%, forg=  5.0%| TAg acc= 73.0%, forg=  7.0% <<<
Save at ../results/imagenet_subset_kaggle_ILFTF_image_0820_ma_I50_T11_C5-randseed1993
>>> Test on task  5 : loss=0.000 | TAw acc= 88.0%, forg=  7.0%| TAg acc= 70.0%, forg= 18.0% <<<
Save at ../results/imagenet_subset_kaggle_ILFTF_image_0820_ma_I50_T11_C5-randseed1993
>>> Test on task  6 : loss=0.000 | TAw acc= 89.0%, forg=  6.0%| TAg acc= 70.0%, forg= 18.0% <<<
Save at ../results/imagenet_subset_kaggle_ILFTF_image_0820_ma_I50_T11_C5-randseed1993
>>> Test on task  7 : loss=0.000 | TAw acc= 92.0%, forg=  3.0%| TAg acc= 78.0%, forg= 12.0% <<<
Save at ../results/imagenet_subset_kaggle_ILFTF_image_0820_ma_I50_T11_C5-randseed1993
>>> Test on task  8 : loss=0.000 | TAw acc= 90.0%, forg=  0.0%| TAg acc= 86.0%, forg=  0.0% <<<
Save at ../results/imagenet_subset_kaggle_ILFTF_image_0820_ma_I50_T11_C5-randseed1993
************************************************************************************************************
Task  9
************************************************************************************************************
Finetuning backbone_0 on task_9:
Finetuning other backbones_1 on task_9:
Finetuning other backbones_2 on task_9:
Finetuning other backbones_3 on task_9:
Finetuning other backbones_4 on task_9:
Creating distributions for task_9:
------------------------------------------------------------------------------------------------------------
>>> Test on task  0 : loss=0.000 | TAw acc= 28.0%, forg= 56.0%| TAg acc= 28.0%, forg= 56.0% <<<
Save at ../results/imagenet_subset_kaggle_ILFTF_image_0820_ma_I50_T11_C5-randseed1993
>>> Test on task  1 : loss=0.000 | TAw acc= 74.0%, forg= 21.0%| TAg acc= 57.0%, forg= 25.0% <<<
Save at ../results/imagenet_subset_kaggle_ILFTF_image_0820_ma_I50_T11_C5-randseed1993
>>> Test on task  2 : loss=0.000 | TAw acc= 65.0%, forg= 25.0%| TAg acc= 44.0%, forg= 29.0% <<<
Save at ../results/imagenet_subset_kaggle_ILFTF_image_0820_ma_I50_T11_C5-randseed1993
>>> Test on task  3 : loss=0.000 | TAw acc= 86.0%, forg=  9.0%| TAg acc= 69.0%, forg= 19.0% <<<
Save at ../results/imagenet_subset_kaggle_ILFTF_image_0820_ma_I50_T11_C5-randseed1993
>>> Test on task  4 : loss=0.000 | TAw acc= 82.0%, forg=  9.0%| TAg acc= 61.0%, forg= 19.0% <<<
Save at ../results/imagenet_subset_kaggle_ILFTF_image_0820_ma_I50_T11_C5-randseed1993
>>> Test on task  5 : loss=0.000 | TAw acc= 85.0%, forg= 10.0%| TAg acc= 57.0%, forg= 31.0% <<<
Save at ../results/imagenet_subset_kaggle_ILFTF_image_0820_ma_I50_T11_C5-randseed1993
>>> Test on task  6 : loss=0.000 | TAw acc= 85.0%, forg= 10.0%| TAg acc= 62.0%, forg= 26.0% <<<
Save at ../results/imagenet_subset_kaggle_ILFTF_image_0820_ma_I50_T11_C5-randseed1993
>>> Test on task  7 : loss=0.000 | TAw acc= 87.0%, forg=  8.0%| TAg acc= 67.0%, forg= 23.0% <<<
Save at ../results/imagenet_subset_kaggle_ILFTF_image_0820_ma_I50_T11_C5-randseed1993
>>> Test on task  8 : loss=0.000 | TAw acc= 82.0%, forg=  8.0%| TAg acc= 77.0%, forg=  9.0% <<<
Save at ../results/imagenet_subset_kaggle_ILFTF_image_0820_ma_I50_T11_C5-randseed1993
>>> Test on task  9 : loss=0.000 | TAw acc= 96.0%, forg=  0.0%| TAg acc= 92.0%, forg=  0.0% <<<
Save at ../results/imagenet_subset_kaggle_ILFTF_image_0820_ma_I50_T11_C5-randseed1993
************************************************************************************************************
Task 10
************************************************************************************************************
Finetuning backbone_0 on task_10:
Finetuning other backbones_1 on task_10:
Finetuning other backbones_2 on task_10:
Finetuning other backbones_3 on task_10:
Finetuning other backbones_4 on task_10:
Creating distributions for task_10:
------------------------------------------------------------------------------------------------------------
>>> Test on task  0 : loss=0.000 | TAw acc= 28.0%, forg= 56.0%| TAg acc= 28.0%, forg= 56.0% <<<
Save at ../results/imagenet_subset_kaggle_ILFTF_image_0820_ma_I50_T11_C5-randseed1993
>>> Test on task  1 : loss=0.000 | TAw acc= 76.0%, forg= 19.0%| TAg acc= 57.0%, forg= 25.0% <<<
Save at ../results/imagenet_subset_kaggle_ILFTF_image_0820_ma_I50_T11_C5-randseed1993
>>> Test on task  2 : loss=0.000 | TAw acc= 70.0%, forg= 20.0%| TAg acc= 44.0%, forg= 29.0% <<<
Save at ../results/imagenet_subset_kaggle_ILFTF_image_0820_ma_I50_T11_C5-randseed1993
>>> Test on task  3 : loss=0.000 | TAw acc= 85.0%, forg= 10.0%| TAg acc= 68.0%, forg= 20.0% <<<
Save at ../results/imagenet_subset_kaggle_ILFTF_image_0820_ma_I50_T11_C5-randseed1993
>>> Test on task  4 : loss=0.000 | TAw acc= 82.0%, forg=  9.0%| TAg acc= 66.0%, forg= 14.0% <<<
Save at ../results/imagenet_subset_kaggle_ILFTF_image_0820_ma_I50_T11_C5-randseed1993
>>> Test on task  5 : loss=0.000 | TAw acc= 87.0%, forg=  8.0%| TAg acc= 61.0%, forg= 27.0% <<<
Save at ../results/imagenet_subset_kaggle_ILFTF_image_0820_ma_I50_T11_C5-randseed1993
>>> Test on task  6 : loss=0.000 | TAw acc= 86.0%, forg=  9.0%| TAg acc= 54.0%, forg= 34.0% <<<
Save at ../results/imagenet_subset_kaggle_ILFTF_image_0820_ma_I50_T11_C5-randseed1993
>>> Test on task  7 : loss=0.000 | TAw acc= 91.0%, forg=  4.0%| TAg acc= 71.0%, forg= 19.0% <<<
Save at ../results/imagenet_subset_kaggle_ILFTF_image_0820_ma_I50_T11_C5-randseed1993
>>> Test on task  8 : loss=0.000 | TAw acc= 77.0%, forg= 13.0%| TAg acc= 72.0%, forg= 14.0% <<<
Save at ../results/imagenet_subset_kaggle_ILFTF_image_0820_ma_I50_T11_C5-randseed1993
>>> Test on task  9 : loss=0.000 | TAw acc= 91.0%, forg=  5.0%| TAg acc= 84.0%, forg=  8.0% <<<
Save at ../results/imagenet_subset_kaggle_ILFTF_image_0820_ma_I50_T11_C5-randseed1993
>>> Test on task 10 : loss=0.000 | TAw acc= 92.0%, forg=  0.0%| TAg acc= 90.0%, forg=  0.0% <<<
Save at ../results/imagenet_subset_kaggle_ILFTF_image_0820_ma_I50_T11_C5-randseed1993
************************************************************************************************************
TAw Acc
	 84.0%   0.0%   0.0%   0.0%   0.0%   0.0%   0.0%   0.0%   0.0%   0.0%   0.0% 	Avg.: 84.0% 
	 77.0%  95.0%   0.0%   0.0%   0.0%   0.0%   0.0%   0.0%   0.0%   0.0%   0.0% 	Avg.: 86.0% 
	 68.0%  92.0%  90.0%   0.0%   0.0%   0.0%   0.0%   0.0%   0.0%   0.0%   0.0% 	Avg.: 83.3% 
	 60.0%  90.0%  87.0%  95.0%   0.0%   0.0%   0.0%   0.0%   0.0%   0.0%   0.0% 	Avg.: 83.0% 
	 54.0%  87.0%  86.0%  95.0%  91.0%   0.0%   0.0%   0.0%   0.0%   0.0%   0.0% 	Avg.: 82.6% 
	 51.0%  86.0%  85.0%  93.0%  86.0%  95.0%   0.0%   0.0%   0.0%   0.0%   0.0% 	Avg.: 82.7% 
	 41.0%  83.0%  81.0%  86.0%  86.0%  93.0%  95.0%   0.0%   0.0%   0.0%   0.0% 	Avg.: 80.7% 
	 38.0%  85.0%  74.0%  86.0%  86.0%  90.0%  92.0%  95.0%   0.0%   0.0%   0.0% 	Avg.: 80.8% 
	 35.0%  82.0%  70.0%  89.0%  86.0%  88.0%  89.0%  92.0%  90.0%   0.0%   0.0% 	Avg.: 80.1% 
	 28.0%  74.0%  65.0%  86.0%  82.0%  85.0%  85.0%  87.0%  82.0%  96.0%   0.0% 	Avg.: 77.0% 
	 28.0%  76.0%  70.0%  85.0%  82.0%  87.0%  86.0%  91.0%  77.0%  91.0%  92.0% 	Avg.: 78.6% 
Average incremental: 81.7% 
--------------------------------------------------
TAw Acc on CIL taskes

	 95.0%   0.0%   0.0%   0.0%   0.0%   0.0%   0.0%   0.0%   0.0%   0.0% 	Avg.: 95.0% 
	 92.0%  90.0%   0.0%   0.0%   0.0%   0.0%   0.0%   0.0%   0.0%   0.0% 	Avg.: 91.0% 
	 90.0%  87.0%  95.0%   0.0%   0.0%   0.0%   0.0%   0.0%   0.0%   0.0% 	Avg.: 90.7% 
	 87.0%  86.0%  95.0%  91.0%   0.0%   0.0%   0.0%   0.0%   0.0%   0.0% 	Avg.: 89.8% 
	 86.0%  85.0%  93.0%  86.0%  95.0%   0.0%   0.0%   0.0%   0.0%   0.0% 	Avg.: 89.0% 
	 83.0%  81.0%  86.0%  86.0%  93.0%  95.0%   0.0%   0.0%   0.0%   0.0% 	Avg.: 87.3% 
	 85.0%  74.0%  86.0%  86.0%  90.0%  92.0%  95.0%   0.0%   0.0%   0.0% 	Avg.: 86.9% 
	 82.0%  70.0%  89.0%  86.0%  88.0%  89.0%  92.0%  90.0%   0.0%   0.0% 	Avg.: 85.8% 
	 74.0%  65.0%  86.0%  82.0%  85.0%  85.0%  87.0%  82.0%  96.0%   0.0% 	Avg.: 82.4% 
	 76.0%  70.0%  85.0%  82.0%  87.0%  86.0%  91.0%  77.0%  91.0%  92.0% 	Avg.: 83.7% 
Average on CIL taskes: 88.2% 
************************************************************************************************************
TAg Acc
	 84.0%   0.0%   0.0%   0.0%   0.0%   0.0%   0.0%   0.0%   0.0%   0.0%   0.0% 	Avg.: 84.0% 
	 77.0%  82.0%   0.0%   0.0%   0.0%   0.0%   0.0%   0.0%   0.0%   0.0%   0.0% 	Avg.: 79.5% 
	 68.0%  79.0%  73.0%   0.0%   0.0%   0.0%   0.0%   0.0%   0.0%   0.0%   0.0% 	Avg.: 73.3% 
	 60.0%  74.0%  68.0%  88.0%   0.0%   0.0%   0.0%   0.0%   0.0%   0.0%   0.0% 	Avg.: 72.5% 
	 54.0%  74.0%  64.0%  85.0%  80.0%   0.0%   0.0%   0.0%   0.0%   0.0%   0.0% 	Avg.: 71.4% 
	 51.0%  72.0%  62.0%  81.0%  78.0%  88.0%   0.0%   0.0%   0.0%   0.0%   0.0% 	Avg.: 72.0% 
	 41.0%  65.0%  54.0%  74.0%  74.0%  82.0%  88.0%   0.0%   0.0%   0.0%   0.0% 	Avg.: 68.3% 
	 38.0%  64.0%  54.0%  72.0%  76.0%  74.0%  82.0%  90.0%   0.0%   0.0%   0.0% 	Avg.: 68.8% 
	 35.0%  64.0%  48.0%  72.0%  73.0%  70.0%  70.0%  78.0%  86.0%   0.0%   0.0% 	Avg.: 66.2% 
	 28.0%  57.0%  44.0%  69.0%  61.0%  57.0%  62.0%  67.0%  77.0%  92.0%   0.0% 	Avg.: 61.4% 
	 28.0%  57.0%  44.0%  68.0%  66.0%  61.0%  54.0%  71.0%  72.0%  84.0%  90.0% 	Avg.: 63.2% 
Average incremental: 71.0% 
--------------------------------------------------
TAg Acc on CIL taskes

	 82.0%   0.0%   0.0%   0.0%   0.0%   0.0%   0.0%   0.0%   0.0%   0.0% 	Avg.: 82.0% 
	 79.0%  73.0%   0.0%   0.0%   0.0%   0.0%   0.0%   0.0%   0.0%   0.0% 	Avg.: 76.0% 
	 74.0%  68.0%  88.0%   0.0%   0.0%   0.0%   0.0%   0.0%   0.0%   0.0% 	Avg.: 76.7% 
	 74.0%  64.0%  85.0%  80.0%   0.0%   0.0%   0.0%   0.0%   0.0%   0.0% 	Avg.: 75.8% 
	 72.0%  62.0%  81.0%  78.0%  88.0%   0.0%   0.0%   0.0%   0.0%   0.0% 	Avg.: 76.2% 
	 65.0%  54.0%  74.0%  74.0%  82.0%  88.0%   0.0%   0.0%   0.0%   0.0% 	Avg.: 72.8% 
	 64.0%  54.0%  72.0%  76.0%  74.0%  82.0%  90.0%   0.0%   0.0%   0.0% 	Avg.: 73.1% 
	 64.0%  48.0%  72.0%  73.0%  70.0%  70.0%  78.0%  86.0%   0.0%   0.0% 	Avg.: 70.1% 
	 57.0%  44.0%  69.0%  61.0%  57.0%  62.0%  67.0%  77.0%  92.0%   0.0% 	Avg.: 65.1% 
	 57.0%  44.0%  68.0%  66.0%  61.0%  54.0%  71.0%  72.0%  84.0%  90.0% 	Avg.: 66.7% 
Average on CIL taskes: 73.5% 
************************************************************************************************************
TAw Forg
	  0.0%   0.0%   0.0%   0.0%   0.0%   0.0%   0.0%   0.0%   0.0%   0.0%   0.0% 	Avg.: 66.7% 
	  7.0%   0.0%   0.0%   0.0%   0.0%   0.0%   0.0%   0.0%   0.0%   0.0%   0.0% 	Avg.:  7.0% 
	 16.0%   3.0%   0.0%   0.0%   0.0%   0.0%   0.0%   0.0%   0.0%   0.0%   0.0% 	Avg.:  9.5% 
	 24.0%   5.0%   3.0%   0.0%   0.0%   0.0%   0.0%   0.0%   0.0%   0.0%   0.0% 	Avg.: 10.7% 
	 30.0%   8.0%   4.0%   0.0%   0.0%   0.0%   0.0%   0.0%   0.0%   0.0%   0.0% 	Avg.: 10.5% 
	 33.0%   9.0%   5.0%   2.0%   5.0%   0.0%   0.0%   0.0%   0.0%   0.0%   0.0% 	Avg.: 10.8% 
	 43.0%  12.0%   9.0%   9.0%   5.0%   2.0%   0.0%   0.0%   0.0%   0.0%   0.0% 	Avg.: 13.3% 
	 46.0%  10.0%  16.0%   9.0%   5.0%   5.0%   3.0%   0.0%   0.0%   0.0%   0.0% 	Avg.: 13.4% 
	 49.0%  13.0%  20.0%   6.0%   5.0%   7.0%   6.0%   3.0%   0.0%   0.0%   0.0% 	Avg.: 13.6% 
	 56.0%  21.0%  25.0%   9.0%   9.0%  10.0%  10.0%   8.0%   8.0%   0.0%   0.0% 	Avg.: 17.3% 
	 56.0%  19.0%  20.0%  10.0%   9.0%   8.0%   9.0%   4.0%  13.0%   5.0%   0.0% 	Avg.: 15.3% 
************************************************************************************************************
TAg Forg
	  0.0%   0.0%   0.0%   0.0%   0.0%   0.0%   0.0%   0.0%   0.0%   0.0%   0.0% 	Avg.: 15.3% 
	  7.0%   0.0%   0.0%   0.0%   0.0%   0.0%   0.0%   0.0%   0.0%   0.0%   0.0% 	Avg.:  7.0% 
	 16.0%   3.0%   0.0%   0.0%   0.0%   0.0%   0.0%   0.0%   0.0%   0.0%   0.0% 	Avg.:  9.5% 
	 24.0%   8.0%   5.0%   0.0%   0.0%   0.0%   0.0%   0.0%   0.0%   0.0%   0.0% 	Avg.: 12.3% 
	 30.0%   8.0%   9.0%   3.0%   0.0%   0.0%   0.0%   0.0%   0.0%   0.0%   0.0% 	Avg.: 12.5% 
	 33.0%  10.0%  11.0%   7.0%   2.0%   0.0%   0.0%   0.0%   0.0%   0.0%   0.0% 	Avg.: 12.6% 
	 43.0%  17.0%  19.0%  14.0%   6.0%   6.0%   0.0%   0.0%   0.0%   0.0%   0.0% 	Avg.: 17.5% 
	 46.0%  18.0%  19.0%  16.0%   4.0%  14.0%   6.0%   0.0%   0.0%   0.0%   0.0% 	Avg.: 17.6% 
	 49.0%  18.0%  25.0%  16.0%   7.0%  18.0%  18.0%  12.0%   0.0%   0.0%   0.0% 	Avg.: 20.4% 
	 56.0%  25.0%  29.0%  19.0%  19.0%  31.0%  26.0%  23.0%   9.0%   0.0%   0.0% 	Avg.: 26.3% 
	 56.0%  25.0%  29.0%  20.0%  14.0%  27.0%  34.0%  19.0%  14.0%   8.0%   0.0% 	Avg.: 24.6% 
************************************************************************************************************
[Elapsed time for incremental learning = 4.6 h]
Done!
