gcc-9.3.0 loaded successful
cuda-12.1 loaded successful
============================================================================================================
Arguments =
	approach: ILFTF
	batch_size: 128
	clipping: 1.0
	collapse_alpha: 0.2
	datasets: ['cifar100_icarl']
	eval_on_train: False
	exp_name: cifar_0820_ma_I50_T11_C5
	extra_aug: fetril
	fix_bn: False
	ftepochs: 100
	gpu: 0
	inc_sub_rate: 0.2
	keep_existing_head: False
	last_layer_analysis: False
	log: ['disk']
	lr: 0.05
	lr_factor: 3
	lr_min: 0.0001
	lr_patience: 5
	momentum: 0.9
	multi_softmax: False
	nc_first_task: 50
	nc_inc_tasks: 5
	nc_total: 100
	nepochs: 200
	network: resnet32
	no_cudnn_deterministic: False
	num_experts: 5
	num_tasks: 11
	num_workers: 4
	pin_memory: False
	pretrained: False
	random_seed: 1993
	results_path: ../results
	save_models: False
	seed: 1
	shared: 1.0
	small_data_rate: 0.1
	stop_at_task: 0
	use_test_as_val: True
	use_valid_only: False
	warmup_lr_factor: 1.0
	warmup_nepochs: 0
	weight_decay: 0.0005
============================================================================================================
Approach arguments =
	alpha: 0.5
	ftwd: 0
	ini_kd_loss: 0.1
	initialization_strategy: first
	max_experts: 5
	tau: 3.0
	use_nmc: False
============================================================================================================
WARNING: ../results/cifar100_icarl_ILFTF_cifar_0820_ma_I50_T11_C5 already exists!
Files already downloaded and verified
Files already downloaded and verified
[(0, 50), (1, 5), (2, 5), (3, 5), (4, 5), (5, 5), (6, 5), (7, 5), (8, 5), (9, 5), (10, 5)]
************************************************************************************************************
Task  0
************************************************************************************************************
Training backbone_0 on task_0:
The expert_0 has 469,506 trainable parameters
The expert_0 has 0 shared parameters

Training backbone_1 on task_0:
The expert_1 has 445,682 trainable parameters
The expert_1 has 23,824 shared parameters

Training backbone_2 on task_0:
The expert_2 has 445,682 trainable parameters
The expert_2 has 23,824 shared parameters

Training backbone_3 on task_0:
The expert_3 has 445,682 trainable parameters
The expert_3 has 23,824 shared parameters

Training backbone_4 on task_0:
The expert_4 has 445,682 trainable parameters
The expert_4 has 23,824 shared parameters

Creating distributions for task_0:
------------------------------------------------------------------------------------------------------------
>>> Test on task  0 : loss=0.000 | TAw acc= 75.0%, forg=  0.0%| TAg acc= 75.0%, forg=  0.0% <<<
Save at ../results/cifar100_icarl_ILFTF_cifar_0820_ma_I50_T11_C5
[Elapsed time in init_stage = 0.6 h]
************************************************************************************************************
Task  1
************************************************************************************************************
Finetuning backbone_0 on task_1:
Finetuning other backbones_1 on task_1:
Finetuning other backbones_2 on task_1:
Finetuning other backbones_3 on task_1:
Finetuning other backbones_4 on task_1:
Creating distributions for task_1:
------------------------------------------------------------------------------------------------------------
>>> Test on task  0 : loss=0.000 | TAw acc= 74.0%, forg=  1.0%| TAg acc= 74.0%, forg=  1.0% <<<
Save at ../results/cifar100_icarl_ILFTF_cifar_0820_ma_I50_T11_C5
>>> Test on task  1 : loss=0.000 | TAw acc= 96.0%, forg=  0.0%| TAg acc= 69.0%, forg=  0.0% <<<
Save at ../results/cifar100_icarl_ILFTF_cifar_0820_ma_I50_T11_C5
************************************************************************************************************
Task  2
************************************************************************************************************
Finetuning backbone_0 on task_2:
Finetuning other backbones_1 on task_2:
Finetuning other backbones_2 on task_2:
Finetuning other backbones_3 on task_2:
Finetuning other backbones_4 on task_2:
Creating distributions for task_2:
------------------------------------------------------------------------------------------------------------
>>> Test on task  0 : loss=0.000 | TAw acc= 72.0%, forg=  3.0%| TAg acc= 72.0%, forg=  3.0% <<<
Save at ../results/cifar100_icarl_ILFTF_cifar_0820_ma_I50_T11_C5
>>> Test on task  1 : loss=0.000 | TAw acc= 95.0%, forg=  1.0%| TAg acc= 69.0%, forg=  0.0% <<<
Save at ../results/cifar100_icarl_ILFTF_cifar_0820_ma_I50_T11_C5
>>> Test on task  2 : loss=0.000 | TAw acc= 77.0%, forg=  0.0%| TAg acc= 64.0%, forg=  0.0% <<<
Save at ../results/cifar100_icarl_ILFTF_cifar_0820_ma_I50_T11_C5
************************************************************************************************************
Task  3
************************************************************************************************************
Finetuning backbone_0 on task_3:
Finetuning other backbones_1 on task_3:
Finetuning other backbones_2 on task_3:
Finetuning other backbones_3 on task_3:
Finetuning other backbones_4 on task_3:
Creating distributions for task_3:
------------------------------------------------------------------------------------------------------------
>>> Test on task  0 : loss=0.000 | TAw acc= 69.0%, forg=  6.0%| TAg acc= 69.0%, forg=  6.0% <<<
Save at ../results/cifar100_icarl_ILFTF_cifar_0820_ma_I50_T11_C5
>>> Test on task  1 : loss=0.000 | TAw acc= 95.0%, forg=  1.0%| TAg acc= 69.0%, forg=  0.0% <<<
Save at ../results/cifar100_icarl_ILFTF_cifar_0820_ma_I50_T11_C5
>>> Test on task  2 : loss=0.000 | TAw acc= 75.0%, forg=  2.0%| TAg acc= 65.0%, forg= -1.0% <<<
Save at ../results/cifar100_icarl_ILFTF_cifar_0820_ma_I50_T11_C5
>>> Test on task  3 : loss=0.000 | TAw acc= 93.0%, forg=  0.0%| TAg acc= 80.0%, forg=  0.0% <<<
Save at ../results/cifar100_icarl_ILFTF_cifar_0820_ma_I50_T11_C5
************************************************************************************************************
Task  4
************************************************************************************************************
Finetuning backbone_0 on task_4:
Finetuning other backbones_1 on task_4:
Finetuning other backbones_2 on task_4:
Finetuning other backbones_3 on task_4:
Finetuning other backbones_4 on task_4:
Creating distributions for task_4:
------------------------------------------------------------------------------------------------------------
>>> Test on task  0 : loss=0.000 | TAw acc= 67.0%, forg=  8.0%| TAg acc= 67.0%, forg=  8.0% <<<
Save at ../results/cifar100_icarl_ILFTF_cifar_0820_ma_I50_T11_C5
>>> Test on task  1 : loss=0.000 | TAw acc= 94.0%, forg=  2.0%| TAg acc= 69.0%, forg=  0.0% <<<
Save at ../results/cifar100_icarl_ILFTF_cifar_0820_ma_I50_T11_C5
>>> Test on task  2 : loss=0.000 | TAw acc= 73.0%, forg=  4.0%| TAg acc= 62.0%, forg=  3.0% <<<
Save at ../results/cifar100_icarl_ILFTF_cifar_0820_ma_I50_T11_C5
>>> Test on task  3 : loss=0.000 | TAw acc= 91.0%, forg=  2.0%| TAg acc= 76.0%, forg=  4.0% <<<
Save at ../results/cifar100_icarl_ILFTF_cifar_0820_ma_I50_T11_C5
>>> Test on task  4 : loss=0.000 | TAw acc= 97.0%, forg=  0.0%| TAg acc= 85.0%, forg=  0.0% <<<
Save at ../results/cifar100_icarl_ILFTF_cifar_0820_ma_I50_T11_C5
************************************************************************************************************
Task  5
************************************************************************************************************
Finetuning backbone_0 on task_5:
Finetuning other backbones_1 on task_5:
Finetuning other backbones_2 on task_5:
Finetuning other backbones_3 on task_5:
Finetuning other backbones_4 on task_5:
Creating distributions for task_5:
------------------------------------------------------------------------------------------------------------
>>> Test on task  0 : loss=0.000 | TAw acc= 64.0%, forg= 11.0%| TAg acc= 64.0%, forg= 11.0% <<<
Save at ../results/cifar100_icarl_ILFTF_cifar_0820_ma_I50_T11_C5
>>> Test on task  1 : loss=0.000 | TAw acc= 95.0%, forg=  1.0%| TAg acc= 71.0%, forg= -2.0% <<<
Save at ../results/cifar100_icarl_ILFTF_cifar_0820_ma_I50_T11_C5
>>> Test on task  2 : loss=0.000 | TAw acc= 71.0%, forg=  6.0%| TAg acc= 61.0%, forg=  4.0% <<<
Save at ../results/cifar100_icarl_ILFTF_cifar_0820_ma_I50_T11_C5
>>> Test on task  3 : loss=0.000 | TAw acc= 91.0%, forg=  2.0%| TAg acc= 75.0%, forg=  5.0% <<<
Save at ../results/cifar100_icarl_ILFTF_cifar_0820_ma_I50_T11_C5
>>> Test on task  4 : loss=0.000 | TAw acc= 97.0%, forg=  0.0%| TAg acc= 84.0%, forg=  1.0% <<<
Save at ../results/cifar100_icarl_ILFTF_cifar_0820_ma_I50_T11_C5
>>> Test on task  5 : loss=0.000 | TAw acc= 92.0%, forg=  0.0%| TAg acc= 82.0%, forg=  0.0% <<<
Save at ../results/cifar100_icarl_ILFTF_cifar_0820_ma_I50_T11_C5
************************************************************************************************************
Task  6
************************************************************************************************************
Finetuning backbone_0 on task_6:
Finetuning other backbones_1 on task_6:
Finetuning other backbones_2 on task_6:
Finetuning other backbones_3 on task_6:
Finetuning other backbones_4 on task_6:
Creating distributions for task_6:
------------------------------------------------------------------------------------------------------------
>>> Test on task  0 : loss=0.000 | TAw acc= 63.0%, forg= 12.0%| TAg acc= 63.0%, forg= 12.0% <<<
Save at ../results/cifar100_icarl_ILFTF_cifar_0820_ma_I50_T11_C5
>>> Test on task  1 : loss=0.000 | TAw acc= 94.0%, forg=  2.0%| TAg acc= 72.0%, forg= -1.0% <<<
Save at ../results/cifar100_icarl_ILFTF_cifar_0820_ma_I50_T11_C5
>>> Test on task  2 : loss=0.000 | TAw acc= 70.0%, forg=  7.0%| TAg acc= 61.0%, forg=  4.0% <<<
Save at ../results/cifar100_icarl_ILFTF_cifar_0820_ma_I50_T11_C5
>>> Test on task  3 : loss=0.000 | TAw acc= 89.0%, forg=  4.0%| TAg acc= 73.0%, forg=  7.0% <<<
Save at ../results/cifar100_icarl_ILFTF_cifar_0820_ma_I50_T11_C5
>>> Test on task  4 : loss=0.000 | TAw acc= 96.0%, forg=  1.0%| TAg acc= 81.0%, forg=  4.0% <<<
Save at ../results/cifar100_icarl_ILFTF_cifar_0820_ma_I50_T11_C5
>>> Test on task  5 : loss=0.000 | TAw acc= 91.0%, forg=  1.0%| TAg acc= 80.0%, forg=  2.0% <<<
Save at ../results/cifar100_icarl_ILFTF_cifar_0820_ma_I50_T11_C5
>>> Test on task  6 : loss=0.000 | TAw acc= 97.0%, forg=  0.0%| TAg acc= 83.0%, forg=  0.0% <<<
Save at ../results/cifar100_icarl_ILFTF_cifar_0820_ma_I50_T11_C5
************************************************************************************************************
Task  7
************************************************************************************************************
Finetuning backbone_0 on task_7:
Finetuning other backbones_1 on task_7:
Finetuning other backbones_2 on task_7:
Finetuning other backbones_3 on task_7:
Finetuning other backbones_4 on task_7:
Creating distributions for task_7:
------------------------------------------------------------------------------------------------------------
>>> Test on task  0 : loss=0.000 | TAw acc= 61.0%, forg= 14.0%| TAg acc= 61.0%, forg= 14.0% <<<
Save at ../results/cifar100_icarl_ILFTF_cifar_0820_ma_I50_T11_C5
>>> Test on task  1 : loss=0.000 | TAw acc= 93.0%, forg=  3.0%| TAg acc= 72.0%, forg=  0.0% <<<
Save at ../results/cifar100_icarl_ILFTF_cifar_0820_ma_I50_T11_C5
>>> Test on task  2 : loss=0.000 | TAw acc= 67.0%, forg= 10.0%| TAg acc= 58.0%, forg=  7.0% <<<
Save at ../results/cifar100_icarl_ILFTF_cifar_0820_ma_I50_T11_C5
>>> Test on task  3 : loss=0.000 | TAw acc= 89.0%, forg=  4.0%| TAg acc= 72.0%, forg=  8.0% <<<
Save at ../results/cifar100_icarl_ILFTF_cifar_0820_ma_I50_T11_C5
>>> Test on task  4 : loss=0.000 | TAw acc= 96.0%, forg=  1.0%| TAg acc= 79.0%, forg=  6.0% <<<
Save at ../results/cifar100_icarl_ILFTF_cifar_0820_ma_I50_T11_C5
>>> Test on task  5 : loss=0.000 | TAw acc= 90.0%, forg=  2.0%| TAg acc= 77.0%, forg=  5.0% <<<
Save at ../results/cifar100_icarl_ILFTF_cifar_0820_ma_I50_T11_C5
>>> Test on task  6 : loss=0.000 | TAw acc= 96.0%, forg=  1.0%| TAg acc= 80.0%, forg=  3.0% <<<
Save at ../results/cifar100_icarl_ILFTF_cifar_0820_ma_I50_T11_C5
>>> Test on task  7 : loss=0.000 | TAw acc= 98.0%, forg=  0.0%| TAg acc= 88.0%, forg=  0.0% <<<
Save at ../results/cifar100_icarl_ILFTF_cifar_0820_ma_I50_T11_C5
************************************************************************************************************
Task  8
************************************************************************************************************
Finetuning backbone_0 on task_8:
Finetuning other backbones_1 on task_8:
Finetuning other backbones_2 on task_8:
Finetuning other backbones_3 on task_8:
Finetuning other backbones_4 on task_8:
Creating distributions for task_8:
------------------------------------------------------------------------------------------------------------
>>> Test on task  0 : loss=0.000 | TAw acc= 57.0%, forg= 18.0%| TAg acc= 57.0%, forg= 18.0% <<<
Save at ../results/cifar100_icarl_ILFTF_cifar_0820_ma_I50_T11_C5
>>> Test on task  1 : loss=0.000 | TAw acc= 93.0%, forg=  3.0%| TAg acc= 69.0%, forg=  3.0% <<<
Save at ../results/cifar100_icarl_ILFTF_cifar_0820_ma_I50_T11_C5
>>> Test on task  2 : loss=0.000 | TAw acc= 69.0%, forg=  8.0%| TAg acc= 59.0%, forg=  6.0% <<<
Save at ../results/cifar100_icarl_ILFTF_cifar_0820_ma_I50_T11_C5
>>> Test on task  3 : loss=0.000 | TAw acc= 87.0%, forg=  6.0%| TAg acc= 70.0%, forg= 10.0% <<<
Save at ../results/cifar100_icarl_ILFTF_cifar_0820_ma_I50_T11_C5
>>> Test on task  4 : loss=0.000 | TAw acc= 95.0%, forg=  2.0%| TAg acc= 77.0%, forg=  8.0% <<<
Save at ../results/cifar100_icarl_ILFTF_cifar_0820_ma_I50_T11_C5
>>> Test on task  5 : loss=0.000 | TAw acc= 90.0%, forg=  2.0%| TAg acc= 73.0%, forg=  9.0% <<<
Save at ../results/cifar100_icarl_ILFTF_cifar_0820_ma_I50_T11_C5
>>> Test on task  6 : loss=0.000 | TAw acc= 95.0%, forg=  2.0%| TAg acc= 78.0%, forg=  5.0% <<<
Save at ../results/cifar100_icarl_ILFTF_cifar_0820_ma_I50_T11_C5
>>> Test on task  7 : loss=0.000 | TAw acc= 95.0%, forg=  3.0%| TAg acc= 82.0%, forg=  6.0% <<<
Save at ../results/cifar100_icarl_ILFTF_cifar_0820_ma_I50_T11_C5
>>> Test on task  8 : loss=0.000 | TAw acc= 88.0%, forg=  0.0%| TAg acc= 81.0%, forg=  0.0% <<<
Save at ../results/cifar100_icarl_ILFTF_cifar_0820_ma_I50_T11_C5
************************************************************************************************************
Task  9
************************************************************************************************************
Finetuning backbone_0 on task_9:
Finetuning other backbones_1 on task_9:
Finetuning other backbones_2 on task_9:
Finetuning other backbones_3 on task_9:
Finetuning other backbones_4 on task_9:
Creating distributions for task_9:
------------------------------------------------------------------------------------------------------------
>>> Test on task  0 : loss=0.000 | TAw acc= 53.0%, forg= 22.0%| TAg acc= 53.0%, forg= 22.0% <<<
Save at ../results/cifar100_icarl_ILFTF_cifar_0820_ma_I50_T11_C5
>>> Test on task  1 : loss=0.000 | TAw acc= 92.0%, forg=  4.0%| TAg acc= 65.0%, forg=  7.0% <<<
Save at ../results/cifar100_icarl_ILFTF_cifar_0820_ma_I50_T11_C5
>>> Test on task  2 : loss=0.000 | TAw acc= 66.0%, forg= 11.0%| TAg acc= 56.0%, forg=  9.0% <<<
Save at ../results/cifar100_icarl_ILFTF_cifar_0820_ma_I50_T11_C5
>>> Test on task  3 : loss=0.000 | TAw acc= 86.0%, forg=  7.0%| TAg acc= 68.0%, forg= 12.0% <<<
Save at ../results/cifar100_icarl_ILFTF_cifar_0820_ma_I50_T11_C5
>>> Test on task  4 : loss=0.000 | TAw acc= 95.0%, forg=  2.0%| TAg acc= 74.0%, forg= 11.0% <<<
Save at ../results/cifar100_icarl_ILFTF_cifar_0820_ma_I50_T11_C5
>>> Test on task  5 : loss=0.000 | TAw acc= 89.0%, forg=  3.0%| TAg acc= 69.0%, forg= 13.0% <<<
Save at ../results/cifar100_icarl_ILFTF_cifar_0820_ma_I50_T11_C5
>>> Test on task  6 : loss=0.000 | TAw acc= 94.0%, forg=  3.0%| TAg acc= 76.0%, forg=  7.0% <<<
Save at ../results/cifar100_icarl_ILFTF_cifar_0820_ma_I50_T11_C5
>>> Test on task  7 : loss=0.000 | TAw acc= 94.0%, forg=  4.0%| TAg acc= 80.0%, forg=  8.0% <<<
Save at ../results/cifar100_icarl_ILFTF_cifar_0820_ma_I50_T11_C5
>>> Test on task  8 : loss=0.000 | TAw acc= 86.0%, forg=  2.0%| TAg acc= 75.0%, forg=  6.0% <<<
Save at ../results/cifar100_icarl_ILFTF_cifar_0820_ma_I50_T11_C5
>>> Test on task  9 : loss=0.000 | TAw acc= 91.0%, forg=  0.0%| TAg acc= 81.0%, forg=  0.0% <<<
Save at ../results/cifar100_icarl_ILFTF_cifar_0820_ma_I50_T11_C5
************************************************************************************************************
Task 10
************************************************************************************************************
Finetuning backbone_0 on task_10:
Finetuning other backbones_1 on task_10:
Finetuning other backbones_2 on task_10:
Finetuning other backbones_3 on task_10:
Finetuning other backbones_4 on task_10:
Creating distributions for task_10:
------------------------------------------------------------------------------------------------------------
>>> Test on task  0 : loss=0.000 | TAw acc= 50.0%, forg= 25.0%| TAg acc= 50.0%, forg= 25.0% <<<
Save at ../results/cifar100_icarl_ILFTF_cifar_0820_ma_I50_T11_C5
>>> Test on task  1 : loss=0.000 | TAw acc= 93.0%, forg=  3.0%| TAg acc= 66.0%, forg=  6.0% <<<
Save at ../results/cifar100_icarl_ILFTF_cifar_0820_ma_I50_T11_C5
>>> Test on task  2 : loss=0.000 | TAw acc= 63.0%, forg= 14.0%| TAg acc= 50.0%, forg= 15.0% <<<
Save at ../results/cifar100_icarl_ILFTF_cifar_0820_ma_I50_T11_C5
>>> Test on task  3 : loss=0.000 | TAw acc= 85.0%, forg=  8.0%| TAg acc= 67.0%, forg= 13.0% <<<
Save at ../results/cifar100_icarl_ILFTF_cifar_0820_ma_I50_T11_C5
>>> Test on task  4 : loss=0.000 | TAw acc= 95.0%, forg=  2.0%| TAg acc= 72.0%, forg= 13.0% <<<
Save at ../results/cifar100_icarl_ILFTF_cifar_0820_ma_I50_T11_C5
>>> Test on task  5 : loss=0.000 | TAw acc= 88.0%, forg=  4.0%| TAg acc= 70.0%, forg= 12.0% <<<
Save at ../results/cifar100_icarl_ILFTF_cifar_0820_ma_I50_T11_C5
>>> Test on task  6 : loss=0.000 | TAw acc= 93.0%, forg=  4.0%| TAg acc= 73.0%, forg= 10.0% <<<
Save at ../results/cifar100_icarl_ILFTF_cifar_0820_ma_I50_T11_C5
>>> Test on task  7 : loss=0.000 | TAw acc= 93.0%, forg=  5.0%| TAg acc= 77.0%, forg= 11.0% <<<
Save at ../results/cifar100_icarl_ILFTF_cifar_0820_ma_I50_T11_C5
>>> Test on task  8 : loss=0.000 | TAw acc= 84.0%, forg=  4.0%| TAg acc= 68.0%, forg= 13.0% <<<
Save at ../results/cifar100_icarl_ILFTF_cifar_0820_ma_I50_T11_C5
>>> Test on task  9 : loss=0.000 | TAw acc= 90.0%, forg=  1.0%| TAg acc= 77.0%, forg=  4.0% <<<
Save at ../results/cifar100_icarl_ILFTF_cifar_0820_ma_I50_T11_C5
>>> Test on task 10 : loss=0.000 | TAw acc= 92.0%, forg=  0.0%| TAg acc= 83.0%, forg=  0.0% <<<
Save at ../results/cifar100_icarl_ILFTF_cifar_0820_ma_I50_T11_C5
************************************************************************************************************
TAw Acc
	 75.0%   0.0%   0.0%   0.0%   0.0%   0.0%   0.0%   0.0%   0.0%   0.0%   0.0% 	Avg.: 75.0% 
	 74.0%  96.0%   0.0%   0.0%   0.0%   0.0%   0.0%   0.0%   0.0%   0.0%   0.0% 	Avg.: 85.0% 
	 72.0%  95.0%  77.0%   0.0%   0.0%   0.0%   0.0%   0.0%   0.0%   0.0%   0.0% 	Avg.: 81.3% 
	 69.0%  95.0%  75.0%  93.0%   0.0%   0.0%   0.0%   0.0%   0.0%   0.0%   0.0% 	Avg.: 83.0% 
	 67.0%  94.0%  73.0%  91.0%  97.0%   0.0%   0.0%   0.0%   0.0%   0.0%   0.0% 	Avg.: 84.4% 
	 64.0%  95.0%  71.0%  91.0%  97.0%  92.0%   0.0%   0.0%   0.0%   0.0%   0.0% 	Avg.: 85.0% 
	 63.0%  94.0%  70.0%  89.0%  96.0%  91.0%  97.0%   0.0%   0.0%   0.0%   0.0% 	Avg.: 85.7% 
	 61.0%  93.0%  67.0%  89.0%  96.0%  90.0%  96.0%  98.0%   0.0%   0.0%   0.0% 	Avg.: 86.2% 
	 57.0%  93.0%  69.0%  87.0%  95.0%  90.0%  95.0%  95.0%  88.0%   0.0%   0.0% 	Avg.: 85.4% 
	 53.0%  92.0%  66.0%  86.0%  95.0%  89.0%  94.0%  94.0%  86.0%  91.0%   0.0% 	Avg.: 84.6% 
	 50.0%  93.0%  63.0%  85.0%  95.0%  88.0%  93.0%  93.0%  84.0%  90.0%  92.0% 	Avg.: 84.2% 
Average incremental: 83.6% 
--------------------------------------------------
TAw Acc on CIL taskes

	 96.0%   0.0%   0.0%   0.0%   0.0%   0.0%   0.0%   0.0%   0.0%   0.0% 	Avg.: 96.0% 
	 95.0%  77.0%   0.0%   0.0%   0.0%   0.0%   0.0%   0.0%   0.0%   0.0% 	Avg.: 86.0% 
	 95.0%  75.0%  93.0%   0.0%   0.0%   0.0%   0.0%   0.0%   0.0%   0.0% 	Avg.: 87.7% 
	 94.0%  73.0%  91.0%  97.0%   0.0%   0.0%   0.0%   0.0%   0.0%   0.0% 	Avg.: 88.8% 
	 95.0%  71.0%  91.0%  97.0%  92.0%   0.0%   0.0%   0.0%   0.0%   0.0% 	Avg.: 89.2% 
	 94.0%  70.0%  89.0%  96.0%  91.0%  97.0%   0.0%   0.0%   0.0%   0.0% 	Avg.: 89.5% 
	 93.0%  67.0%  89.0%  96.0%  90.0%  96.0%  98.0%   0.0%   0.0%   0.0% 	Avg.: 89.9% 
	 93.0%  69.0%  87.0%  95.0%  90.0%  95.0%  95.0%  88.0%   0.0%   0.0% 	Avg.: 89.0% 
	 92.0%  66.0%  86.0%  95.0%  89.0%  94.0%  94.0%  86.0%  91.0%   0.0% 	Avg.: 88.1% 
	 93.0%  63.0%  85.0%  95.0%  88.0%  93.0%  93.0%  84.0%  90.0%  92.0% 	Avg.: 87.6% 
Average on CIL taskes: 89.2% 
************************************************************************************************************
TAg Acc
	 75.0%   0.0%   0.0%   0.0%   0.0%   0.0%   0.0%   0.0%   0.0%   0.0%   0.0% 	Avg.: 75.0% 
	 74.0%  69.0%   0.0%   0.0%   0.0%   0.0%   0.0%   0.0%   0.0%   0.0%   0.0% 	Avg.: 71.5% 
	 72.0%  69.0%  64.0%   0.0%   0.0%   0.0%   0.0%   0.0%   0.0%   0.0%   0.0% 	Avg.: 68.3% 
	 69.0%  69.0%  65.0%  80.0%   0.0%   0.0%   0.0%   0.0%   0.0%   0.0%   0.0% 	Avg.: 70.8% 
	 67.0%  69.0%  62.0%  76.0%  85.0%   0.0%   0.0%   0.0%   0.0%   0.0%   0.0% 	Avg.: 71.8% 
	 64.0%  71.0%  61.0%  75.0%  84.0%  82.0%   0.0%   0.0%   0.0%   0.0%   0.0% 	Avg.: 72.8% 
	 63.0%  72.0%  61.0%  73.0%  81.0%  80.0%  83.0%   0.0%   0.0%   0.0%   0.0% 	Avg.: 73.3% 
	 61.0%  72.0%  58.0%  72.0%  79.0%  77.0%  80.0%  88.0%   0.0%   0.0%   0.0% 	Avg.: 73.4% 
	 57.0%  69.0%  59.0%  70.0%  77.0%  73.0%  78.0%  82.0%  81.0%   0.0%   0.0% 	Avg.: 71.8% 
	 53.0%  65.0%  56.0%  68.0%  74.0%  69.0%  76.0%  80.0%  75.0%  81.0%   0.0% 	Avg.: 69.7% 
	 50.0%  66.0%  50.0%  67.0%  72.0%  70.0%  73.0%  77.0%  68.0%  77.0%  83.0% 	Avg.: 68.5% 
Average incremental: 71.5% 
--------------------------------------------------
TAg Acc on CIL taskes

	 69.0%   0.0%   0.0%   0.0%   0.0%   0.0%   0.0%   0.0%   0.0%   0.0% 	Avg.: 69.0% 
	 69.0%  64.0%   0.0%   0.0%   0.0%   0.0%   0.0%   0.0%   0.0%   0.0% 	Avg.: 66.5% 
	 69.0%  65.0%  80.0%   0.0%   0.0%   0.0%   0.0%   0.0%   0.0%   0.0% 	Avg.: 71.3% 
	 69.0%  62.0%  76.0%  85.0%   0.0%   0.0%   0.0%   0.0%   0.0%   0.0% 	Avg.: 73.0% 
	 71.0%  61.0%  75.0%  84.0%  82.0%   0.0%   0.0%   0.0%   0.0%   0.0% 	Avg.: 74.6% 
	 72.0%  61.0%  73.0%  81.0%  80.0%  83.0%   0.0%   0.0%   0.0%   0.0% 	Avg.: 75.0% 
	 72.0%  58.0%  72.0%  79.0%  77.0%  80.0%  88.0%   0.0%   0.0%   0.0% 	Avg.: 75.1% 
	 69.0%  59.0%  70.0%  77.0%  73.0%  78.0%  82.0%  81.0%   0.0%   0.0% 	Avg.: 73.6% 
	 65.0%  56.0%  68.0%  74.0%  69.0%  76.0%  80.0%  75.0%  81.0%   0.0% 	Avg.: 71.6% 
	 66.0%  50.0%  67.0%  72.0%  70.0%  73.0%  77.0%  68.0%  77.0%  83.0% 	Avg.: 70.3% 
Average on CIL taskes: 72.0% 
************************************************************************************************************
TAw Forg
	  0.0%   0.0%   0.0%   0.0%   0.0%   0.0%   0.0%   0.0%   0.0%   0.0%   0.0% 	Avg.: 70.3% 
	  1.0%   0.0%   0.0%   0.0%   0.0%   0.0%   0.0%   0.0%   0.0%   0.0%   0.0% 	Avg.:  1.0% 
	  3.0%   1.0%   0.0%   0.0%   0.0%   0.0%   0.0%   0.0%   0.0%   0.0%   0.0% 	Avg.:  2.0% 
	  6.0%   1.0%   2.0%   0.0%   0.0%   0.0%   0.0%   0.0%   0.0%   0.0%   0.0% 	Avg.:  3.0% 
	  8.0%   2.0%   4.0%   2.0%   0.0%   0.0%   0.0%   0.0%   0.0%   0.0%   0.0% 	Avg.:  4.0% 
	 11.0%   1.0%   6.0%   2.0%   0.0%   0.0%   0.0%   0.0%   0.0%   0.0%   0.0% 	Avg.:  4.0% 
	 12.0%   2.0%   7.0%   4.0%   1.0%   1.0%   0.0%   0.0%   0.0%   0.0%   0.0% 	Avg.:  4.5% 
	 14.0%   3.0%  10.0%   4.0%   1.0%   2.0%   1.0%   0.0%   0.0%   0.0%   0.0% 	Avg.:  5.0% 
	 18.0%   3.0%   8.0%   6.0%   2.0%   2.0%   2.0%   3.0%   0.0%   0.0%   0.0% 	Avg.:  5.5% 
	 22.0%   4.0%  11.0%   7.0%   2.0%   3.0%   3.0%   4.0%   2.0%   0.0%   0.0% 	Avg.:  6.4% 
	 25.0%   3.0%  14.0%   8.0%   2.0%   4.0%   4.0%   5.0%   4.0%   1.0%   0.0% 	Avg.:  7.0% 
************************************************************************************************************
TAg Forg
	  0.0%   0.0%   0.0%   0.0%   0.0%   0.0%   0.0%   0.0%   0.0%   0.0%   0.0% 	Avg.:  7.0% 
	  1.0%   0.0%   0.0%   0.0%   0.0%   0.0%   0.0%   0.0%   0.0%   0.0%   0.0% 	Avg.:  1.0% 
	  3.0%   0.0%   0.0%   0.0%   0.0%   0.0%   0.0%   0.0%   0.0%   0.0%   0.0% 	Avg.:  1.5% 
	  6.0%   0.0%  -1.0%   0.0%   0.0%   0.0%   0.0%   0.0%   0.0%   0.0%   0.0% 	Avg.:  1.7% 
	  8.0%   0.0%   3.0%   4.0%   0.0%   0.0%   0.0%   0.0%   0.0%   0.0%   0.0% 	Avg.:  3.8% 
	 11.0%  -2.0%   4.0%   5.0%   1.0%   0.0%   0.0%   0.0%   0.0%   0.0%   0.0% 	Avg.:  3.8% 
	 12.0%  -1.0%   4.0%   7.0%   4.0%   2.0%   0.0%   0.0%   0.0%   0.0%   0.0% 	Avg.:  4.7% 
	 14.0%   0.0%   7.0%   8.0%   6.0%   5.0%   3.0%   0.0%   0.0%   0.0%   0.0% 	Avg.:  6.1% 
	 18.0%   3.0%   6.0%  10.0%   8.0%   9.0%   5.0%   6.0%   0.0%   0.0%   0.0% 	Avg.:  8.1% 
	 22.0%   7.0%   9.0%  12.0%  11.0%  13.0%   7.0%   8.0%   6.0%   0.0%   0.0% 	Avg.: 10.6% 
	 25.0%   6.0%  15.0%  13.0%  13.0%  12.0%  10.0%  11.0%  13.0%   4.0%   0.0% 	Avg.: 12.2% 
************************************************************************************************************
[Elapsed time for incremental learning = 0.4 h]
Done!
