gcc-9.3.0 loaded successful
cuda-12.1 loaded successful
============================================================================================================
Arguments =
	approach: ILFTF
	batch_size: 128
	clipping: 1.0
	collapse_alpha: 0.2
	datasets: ['imagenet_subset_kaggle']
	eval_on_train: False
	exp_name: image_0820_ma_I50_T6_C10-randseed1993
	extra_aug: fetril
	fix_bn: False
	ftepochs: 100
	gpu: 0
	inc_sub_rate: 0.2
	keep_existing_head: False
	last_layer_analysis: False
	log: ['disk']
	lr: 0.05
	lr_factor: 3
	lr_min: 0.0001
	lr_patience: 5
	momentum: 0.9
	multi_softmax: False
	nc_first_task: 50
	nc_inc_tasks: 10
	nc_total: 100
	nepochs: 200
	network: resnet18
	no_cudnn_deterministic: False
	num_experts: 5
	num_tasks: 6
	num_workers: 4
	pin_memory: False
	pretrained: False
	random_seed: 1993
	results_path: ../results
	save_models: False
	seed: 1
	shared: 1.0
	small_data_rate: 0.1
	stop_at_task: 0
	use_test_as_val: True
	use_valid_only: False
	warmup_lr_factor: 1.0
	warmup_nepochs: 0
	weight_decay: 0.0005
============================================================================================================
/home/bingxing2/home/scx7aum/.conda/envs/pytorch/lib/python3.11/site-packages/torchvision/models/_utils.py:208: UserWarning: The parameter 'pretrained' is deprecated since 0.13 and may be removed in the future, please use 'weights' instead.
  warnings.warn(
/home/bingxing2/home/scx7aum/.conda/envs/pytorch/lib/python3.11/site-packages/torchvision/models/_utils.py:223: UserWarning: Arguments other than a weight enum or `None` for 'weights' are deprecated since 0.13 and may be removed in the future. The current behavior is equivalent to passing `weights=None`.
  warnings.warn(msg)
Approach arguments =
	alpha: 0.5
	ftwd: 0
	ini_kd_loss: 0.1
	initialization_strategy: first
	max_experts: 5
	tau: 3.0
	use_nmc: False
============================================================================================================
WARNING: ../results/imagenet_subset_kaggle_ILFTF_image_0820_ma_I50_T6_C10-randseed1993 already exists!
Generating train/test splits for ImageNet-Subset directory: ../data/seed_1993_subset_100_imagenet
[(0, 50), (1, 10), (2, 10), (3, 10), (4, 10), (5, 10)]
************************************************************************************************************
Task  0
************************************************************************************************************
Training backbone_0 on task_0:
The expert_0 has 11,212,594 trainable parameters
The expert_0 has 0 shared parameters

Training backbone_1 on task_0:
The expert_1 has 11,064,626 trainable parameters
The expert_1 has 147,968 shared parameters

Training backbone_2 on task_0:
The expert_2 has 11,064,626 trainable parameters
The expert_2 has 147,968 shared parameters

Training backbone_3 on task_0:
The expert_3 has 11,064,626 trainable parameters
The expert_3 has 147,968 shared parameters

Training backbone_4 on task_0:
The expert_4 has 11,064,626 trainable parameters
The expert_4 has 147,968 shared parameters

Creating distributions for task_0:
------------------------------------------------------------------------------------------------------------
>>> Test on task  0 : loss=0.000 | TAw acc= 84.0%, forg=  0.0%| TAg acc= 84.0%, forg=  0.0% <<<
Save at ../results/imagenet_subset_kaggle_ILFTF_image_0820_ma_I50_T6_C10-randseed1993
[Elapsed time in init_stage = 14.4 h]
************************************************************************************************************
Task  1
************************************************************************************************************
Finetuning backbone_0 on task_1:
Finetuning other backbones_1 on task_1:
Finetuning other backbones_2 on task_1:
Finetuning other backbones_3 on task_1:
Finetuning other backbones_4 on task_1:
Creating distributions for task_1:
------------------------------------------------------------------------------------------------------------
>>> Test on task  0 : loss=0.000 | TAw acc= 74.0%, forg= 10.0%| TAg acc= 74.0%, forg= 10.0% <<<
Save at ../results/imagenet_subset_kaggle_ILFTF_image_0820_ma_I50_T6_C10-randseed1993
>>> Test on task  1 : loss=0.000 | TAw acc= 89.0%, forg=  0.0%| TAg acc= 78.0%, forg=  0.0% <<<
Save at ../results/imagenet_subset_kaggle_ILFTF_image_0820_ma_I50_T6_C10-randseed1993
************************************************************************************************************
Task  2
************************************************************************************************************
Finetuning backbone_0 on task_2:
Finetuning other backbones_1 on task_2:
Finetuning other backbones_2 on task_2:
Finetuning other backbones_3 on task_2:
Finetuning other backbones_4 on task_2:
Creating distributions for task_2:
------------------------------------------------------------------------------------------------------------
>>> Test on task  0 : loss=0.000 | TAw acc= 66.0%, forg= 18.0%| TAg acc= 66.0%, forg= 18.0% <<<
Save at ../results/imagenet_subset_kaggle_ILFTF_image_0820_ma_I50_T6_C10-randseed1993
>>> Test on task  1 : loss=0.000 | TAw acc= 84.0%, forg=  5.0%| TAg acc= 71.0%, forg=  7.0% <<<
Save at ../results/imagenet_subset_kaggle_ILFTF_image_0820_ma_I50_T6_C10-randseed1993
>>> Test on task  2 : loss=0.000 | TAw acc= 90.0%, forg=  0.0%| TAg acc= 81.0%, forg=  0.0% <<<
Save at ../results/imagenet_subset_kaggle_ILFTF_image_0820_ma_I50_T6_C10-randseed1993
************************************************************************************************************
Task  3
************************************************************************************************************
Finetuning backbone_0 on task_3:
Finetuning other backbones_1 on task_3:
Finetuning other backbones_2 on task_3:
Finetuning other backbones_3 on task_3:
Finetuning other backbones_4 on task_3:
Creating distributions for task_3:
------------------------------------------------------------------------------------------------------------
>>> Test on task  0 : loss=0.000 | TAw acc= 57.0%, forg= 27.0%| TAg acc= 57.0%, forg= 27.0% <<<
Save at ../results/imagenet_subset_kaggle_ILFTF_image_0820_ma_I50_T6_C10-randseed1993
>>> Test on task  1 : loss=0.000 | TAw acc= 82.0%, forg=  7.0%| TAg acc= 62.0%, forg= 16.0% <<<
Save at ../results/imagenet_subset_kaggle_ILFTF_image_0820_ma_I50_T6_C10-randseed1993
>>> Test on task  2 : loss=0.000 | TAw acc= 84.0%, forg=  6.0%| TAg acc= 75.0%, forg=  6.0% <<<
Save at ../results/imagenet_subset_kaggle_ILFTF_image_0820_ma_I50_T6_C10-randseed1993
>>> Test on task  3 : loss=0.000 | TAw acc= 91.0%, forg=  0.0%| TAg acc= 87.0%, forg=  0.0% <<<
Save at ../results/imagenet_subset_kaggle_ILFTF_image_0820_ma_I50_T6_C10-randseed1993
************************************************************************************************************
Task  4
************************************************************************************************************
Finetuning backbone_0 on task_4:
Finetuning other backbones_1 on task_4:
Finetuning other backbones_2 on task_4:
Finetuning other backbones_3 on task_4:
Finetuning other backbones_4 on task_4:
Creating distributions for task_4:
------------------------------------------------------------------------------------------------------------
>>> Test on task  0 : loss=0.000 | TAw acc= 51.0%, forg= 33.0%| TAg acc= 51.0%, forg= 33.0% <<<
Save at ../results/imagenet_subset_kaggle_ILFTF_image_0820_ma_I50_T6_C10-randseed1993
>>> Test on task  1 : loss=0.000 | TAw acc= 76.0%, forg= 13.0%| TAg acc= 60.0%, forg= 18.0% <<<
Save at ../results/imagenet_subset_kaggle_ILFTF_image_0820_ma_I50_T6_C10-randseed1993
>>> Test on task  2 : loss=0.000 | TAw acc= 80.0%, forg= 10.0%| TAg acc= 72.0%, forg=  9.0% <<<
Save at ../results/imagenet_subset_kaggle_ILFTF_image_0820_ma_I50_T6_C10-randseed1993
>>> Test on task  3 : loss=0.000 | TAw acc= 86.0%, forg=  5.0%| TAg acc= 77.0%, forg= 10.0% <<<
Save at ../results/imagenet_subset_kaggle_ILFTF_image_0820_ma_I50_T6_C10-randseed1993
>>> Test on task  4 : loss=0.000 | TAw acc= 90.0%, forg=  0.0%| TAg acc= 86.0%, forg=  0.0% <<<
Save at ../results/imagenet_subset_kaggle_ILFTF_image_0820_ma_I50_T6_C10-randseed1993
************************************************************************************************************
Task  5
************************************************************************************************************
Finetuning backbone_0 on task_5:
Finetuning other backbones_1 on task_5:
Finetuning other backbones_2 on task_5:
Finetuning other backbones_3 on task_5:
Finetuning other backbones_4 on task_5:
Creating distributions for task_5:
------------------------------------------------------------------------------------------------------------
>>> Test on task  0 : loss=0.000 | TAw acc= 46.0%, forg= 38.0%| TAg acc= 46.0%, forg= 38.0% <<<
Save at ../results/imagenet_subset_kaggle_ILFTF_image_0820_ma_I50_T6_C10-randseed1993
>>> Test on task  1 : loss=0.000 | TAw acc= 74.0%, forg= 15.0%| TAg acc= 57.0%, forg= 21.0% <<<
Save at ../results/imagenet_subset_kaggle_ILFTF_image_0820_ma_I50_T6_C10-randseed1993
>>> Test on task  2 : loss=0.000 | TAw acc= 76.0%, forg= 14.0%| TAg acc= 67.0%, forg= 14.0% <<<
Save at ../results/imagenet_subset_kaggle_ILFTF_image_0820_ma_I50_T6_C10-randseed1993
>>> Test on task  3 : loss=0.000 | TAw acc= 82.0%, forg=  9.0%| TAg acc= 70.0%, forg= 17.0% <<<
Save at ../results/imagenet_subset_kaggle_ILFTF_image_0820_ma_I50_T6_C10-randseed1993
>>> Test on task  4 : loss=0.000 | TAw acc= 83.0%, forg=  7.0%| TAg acc= 73.0%, forg= 13.0% <<<
Save at ../results/imagenet_subset_kaggle_ILFTF_image_0820_ma_I50_T6_C10-randseed1993
>>> Test on task  5 : loss=0.000 | TAw acc= 90.0%, forg=  0.0%| TAg acc= 86.0%, forg=  0.0% <<<
Save at ../results/imagenet_subset_kaggle_ILFTF_image_0820_ma_I50_T6_C10-randseed1993
************************************************************************************************************
TAw Acc
	 84.0%   0.0%   0.0%   0.0%   0.0%   0.0% 	Avg.: 84.0% 
	 74.0%  89.0%   0.0%   0.0%   0.0%   0.0% 	Avg.: 81.5% 
	 66.0%  84.0%  90.0%   0.0%   0.0%   0.0% 	Avg.: 80.0% 
	 57.0%  82.0%  84.0%  91.0%   0.0%   0.0% 	Avg.: 78.5% 
	 51.0%  76.0%  80.0%  86.0%  90.0%   0.0% 	Avg.: 76.6% 
	 46.0%  74.0%  76.0%  82.0%  83.0%  90.0% 	Avg.: 75.2% 
Average incremental: 79.3% 
--------------------------------------------------
TAw Acc on CIL taskes

	 89.0%   0.0%   0.0%   0.0%   0.0% 	Avg.: 89.0% 
	 84.0%  90.0%   0.0%   0.0%   0.0% 	Avg.: 87.0% 
	 82.0%  84.0%  91.0%   0.0%   0.0% 	Avg.: 85.7% 
	 76.0%  80.0%  86.0%  90.0%   0.0% 	Avg.: 83.0% 
	 74.0%  76.0%  82.0%  83.0%  90.0% 	Avg.: 81.0% 
Average on CIL taskes: 85.1% 
************************************************************************************************************
TAg Acc
	 84.0%   0.0%   0.0%   0.0%   0.0%   0.0% 	Avg.: 84.0% 
	 74.0%  78.0%   0.0%   0.0%   0.0%   0.0% 	Avg.: 76.0% 
	 66.0%  71.0%  81.0%   0.0%   0.0%   0.0% 	Avg.: 72.7% 
	 57.0%  62.0%  75.0%  87.0%   0.0%   0.0% 	Avg.: 70.2% 
	 51.0%  60.0%  72.0%  77.0%  86.0%   0.0% 	Avg.: 69.2% 
	 46.0%  57.0%  67.0%  70.0%  73.0%  86.0% 	Avg.: 66.5% 
Average incremental: 73.1% 
--------------------------------------------------
TAg Acc on CIL taskes

	 78.0%   0.0%   0.0%   0.0%   0.0% 	Avg.: 78.0% 
	 71.0%  81.0%   0.0%   0.0%   0.0% 	Avg.: 76.0% 
	 62.0%  75.0%  87.0%   0.0%   0.0% 	Avg.: 74.7% 
	 60.0%  72.0%  77.0%  86.0%   0.0% 	Avg.: 73.8% 
	 57.0%  67.0%  70.0%  73.0%  86.0% 	Avg.: 70.6% 
Average on CIL taskes: 74.6% 
************************************************************************************************************
TAw Forg
	  0.0%   0.0%   0.0%   0.0%   0.0%   0.0% 	Avg.: 70.6% 
	 10.0%   0.0%   0.0%   0.0%   0.0%   0.0% 	Avg.: 10.0% 
	 18.0%   5.0%   0.0%   0.0%   0.0%   0.0% 	Avg.: 11.5% 
	 27.0%   7.0%   6.0%   0.0%   0.0%   0.0% 	Avg.: 13.3% 
	 33.0%  13.0%  10.0%   5.0%   0.0%   0.0% 	Avg.: 15.2% 
	 38.0%  15.0%  14.0%   9.0%   7.0%   0.0% 	Avg.: 16.6% 
************************************************************************************************************
TAg Forg
	  0.0%   0.0%   0.0%   0.0%   0.0%   0.0% 	Avg.: 16.6% 
	 10.0%   0.0%   0.0%   0.0%   0.0%   0.0% 	Avg.: 10.0% 
	 18.0%   7.0%   0.0%   0.0%   0.0%   0.0% 	Avg.: 12.5% 
	 27.0%  16.0%   6.0%   0.0%   0.0%   0.0% 	Avg.: 16.3% 
	 33.0%  18.0%   9.0%  10.0%   0.0%   0.0% 	Avg.: 17.5% 
	 38.0%  21.0%  14.0%  17.0%  13.0%   0.0% 	Avg.: 20.6% 
************************************************************************************************************
[Elapsed time for incremental learning = 4.0 h]
Done!
